This is pdfeTeX, Version 3.141592-1.30.6-2.2 (MiKTeX 2.5) (preloaded format=pdflatex 2009.10.20)  18 JUN 2010 19:38
entering extended mode
**C:/Documents*and*Settings/FEDE/Mis*documentos/ECLIPSES/Presentación*Fin*de*Má
ster/TFM1.tex

("C:\Documents and Settings\FEDE\Mis documentos\ECLIPSES\Presentación Fin de Má
ster\TFM1.tex"
LaTeX2e <2005/12/01>
Babel <v3.8g> and hyphenation patterns for english, dumylang, nohyphenation, ge
rman, ngerman, spanish, french, loaded.
(C:\tex\MiKTeX_2.5\tex\latex\beamer\base\beamer.cls
(C:\tex\MiKTeX_2.5\tex\latex\beamer\base\beamerbasercs.sty
Package: beamerbasercs 2004/10/07 (rcs-revision 1.3)
)
Document Class: beamer 2005/10/23 cvs version 3.06 A class for typesetting pres
entations (rcs-revision 1.67)
(C:\tex\MiKTeX_2.5\tex\latex\beamer\base\beamerbasemodes.sty
Package: beamerbasemodes 2004/12/09 (rcs-revision 1.21)
\beamer@tempbox=\box26
\beamer@tempcount=\count79
\c@beamerpauses=\count80

(C:\tex\MiKTeX_2.5\tex\latex\beamer\base\beamerbasedecode.sty
Package: beamerbasedecode 2005/05/09 (rcs-revision 1.18)
\beamer@slideinframe=\count81
\beamer@minimum=\count82
)
\beamer@commentbox=\box27
\beamer@modecount=\count83
)
\headheight=\dimen102
\headdp=\dimen103
\footheight=\dimen104
\sidebarheight=\dimen105
\beamer@tempdim=\dimen106
\beamer@finalheight=\dimen107
\beamer@animht=\dimen108
\beamer@animdp=\dimen109
\beamer@animwd=\dimen110
\beamer@leftmargin=\dimen111
\beamer@rightmargin=\dimen112
\beamer@leftsidebar=\dimen113
\beamer@rightsidebar=\dimen114
\beamer@boxsize=\dimen115
\beamer@vboxoffset=\dimen116
\beamer@descdefault=\dimen117
\beamer@descriptionwidth=\dimen118
\beamer@lastskip=\skip41
\beamer@areabox=\box28
\beamer@animcurrent=\box29
\beamer@animshowbox=\box30
\beamer@sectionbox=\box31
\beamer@logobox=\box32
\beamer@linebox=\box33
\beamer@sectioncount=\count84
\beamer@subsubsectionmax=\count85
\beamer@subsectionmax=\count86
\beamer@sectionmax=\count87
\beamer@totalheads=\count88
\beamer@headcounter=\count89
\beamer@partstartpage=\count90
\beamer@sectionstartpage=\count91
\beamer@subsectionstartpage=\count92
\beamer@animationtempa=\count93
\beamer@animationtempb=\count94
\beamer@xpos=\count95
\beamer@ypos=\count96
\beamer@showpartnumber=\count97
\beamer@currentsubsection=\count98
\beamer@coveringdepth=\count99
\beamer@sectionadjust=\count100
\beamer@tocsectionnumber=\count101

(C:\tex\MiKTeX_2.5\tex\latex\beamer\base\beamerbaseoptions.sty
Package: beamerbaseoptions 2004/11/15 (rcs-revision 1.7)

(C:\tex\MiKTeX_2.5\tex\latex\graphics\keyval.sty
Package: keyval 1999/03/16 v1.13 key=value parser (DPC)
\KV@toks@=\toks14
))
(C:\tex\MiKTeX_2.5\tex\latex\pgf\basiclayer\pgfcore.sty
(C:\tex\MiKTeX_2.5\tex\latex\graphics\graphicx.sty
Package: graphicx 1999/02/16 v1.0f Enhanced LaTeX Graphics (DPC,SPQR)

(C:\tex\MiKTeX_2.5\tex\latex\graphics\graphics.sty
Package: graphics 2006/02/20 v1.0o Standard LaTeX Graphics (DPC,SPQR)

(C:\tex\MiKTeX_2.5\tex\latex\graphics\trig.sty
Package: trig 1999/03/16 v1.09 sin cos tan (DPC)
)
(C:\tex\MiKTeX_2.5\tex\latex\00miktex\graphics.cfg
File: graphics.cfg 2005/12/29 v1.2 MiKTeX 'graphics' configuration
)
Package graphics Info: Driver file: pdftex.def on input line 90.

(C:\tex\MiKTeX_2.5\tex\latex\graphics\pdftex.def
File: pdftex.def 2006/08/14 v0.03t Graphics/color for pdfTeX
\Gread@gobject=\count102
))
\Gin@req@height=\dimen119
\Gin@req@width=\dimen120
)
(C:\tex\MiKTeX_2.5\tex\latex\pgf\systemlayer\pgfsys.sty
(C:\tex\MiKTeX_2.5\tex\latex\pgf\utilities\pgfrcs.sty
(C:\tex\MiKTeX_2.5\tex\generic\pgf\utilities\pgfutil-common.tex)
(C:\tex\MiKTeX_2.5\tex\generic\pgf\utilities\pgfutil-latex.def)
(C:\tex\MiKTeX_2.5\tex\generic\pgf\utilities\pgfrcs.code.tex
Package: pgfrcs 2006/10/26 v1.10 (rcs-revision 1.14)
))
(C:\tex\MiKTeX_2.5\tex\generic\pgf\systemlayer\pgfsys.code.tex
Package: pgfsys 2006/10/16 v1.10 (rcs-revision 1.19)
\pgf@x=\dimen121
\pgf@y=\dimen122
\pgf@xa=\dimen123
\pgf@ya=\dimen124
\pgf@xb=\dimen125
\pgf@yb=\dimen126
\pgf@xc=\dimen127
\pgf@yc=\dimen128

(C:\tex\MiKTeX_2.5\tex\generic\pgf\systemlayer\pgf.cfg
File: pgf.cfg 2006/10/11  (rcs-revision 1.2)
)
Package pgfsys Info: Driver file for pgf: pgfsys-pdftex.def on input line 845.

(C:\tex\MiKTeX_2.5\tex\generic\pgf\systemlayer\pgfsys-pdftex.def
File: pgfsys-pdftex.def 2006/10/23  (rcs-revision 1.14)

(C:\tex\MiKTeX_2.5\tex\generic\pgf\systemlayer\pgfsys-common-pdf.def
File: pgfsys-common-pdf.def 2006/10/16  (rcs-revision 1.7)
)))
(C:\tex\MiKTeX_2.5\tex\generic\pgf\systemlayer\pgfsyssoftpath.code.tex
File: pgfsyssoftpath.code.tex 2006/10/16  (rcs-revision 1.4)
)
(C:\tex\MiKTeX_2.5\tex\generic\pgf\systemlayer\pgfsysprotocol.code.tex
File: pgfsysprotocol.code.tex 2006/10/16  (rcs-revision 1.4)
))
(C:\tex\MiKTeX_2.5\tex\latex\xcolor\xcolor.sty
Package: xcolor 2005/12/21 v2.09 LaTeX color extensions (UK)

(C:\tex\MiKTeX_2.5\tex\latex\00miktex\color.cfg
File: color.cfg 2005/12/29 v1.1 MiKTeX 'color' configuration
)
Package xcolor Info: Driver file: pdftex.def on input line 220.
Package xcolor Info: Model `cmy' substituted by `cmy0' on input line 1328.
Package xcolor Info: Model `hsb' substituted by `rgb' on input line 1332.
Package xcolor Info: Model `RGB' extended on input line 1344.
Package xcolor Info: Model `HTML' substituted by `rgb' on input line 1346.
Package xcolor Info: Model `Hsb' substituted by `hsb' on input line 1347.
Package xcolor Info: Model `tHsb' substituted by `hsb' on input line 1348.
Package xcolor Info: Model `HSB' substituted by `hsb' on input line 1349.
Package xcolor Info: Model `Gray' substituted by `gray' on input line 1350.
Package xcolor Info: Model `wave' substituted by `hsb' on input line 1351.
)
(C:\tex\MiKTeX_2.5\tex\generic\pgf\basiclayer\pgfcore.code.tex
Package: pgfcore 2006/10/11 v1.10 (rcs-revision 1.4)

(C:\tex\MiKTeX_2.5\tex\generic\pgf\basiclayer\pgfcoremath.code.tex
File: pgfcoremath.code.tex 2006/10/15  (rcs-revision 1.3)
\c@pgf@counta=\count103
\c@pgf@countb=\count104
\c@pgf@countc=\count105
\c@pgf@countd=\count106
)
(C:\tex\MiKTeX_2.5\tex\generic\pgf\basiclayer\pgfcorepoints.code.tex
File: pgfcorepoints.code.tex 2006/10/16  (rcs-revision 1.7)
\pgf@picminx=\dimen129
\pgf@picmaxx=\dimen130
\pgf@picminy=\dimen131
\pgf@picmaxy=\dimen132
\pgf@pathminx=\dimen133
\pgf@pathmaxx=\dimen134
\pgf@pathminy=\dimen135
\pgf@pathmaxy=\dimen136
\pgf@tempdim=\dimen137
\c@pgf@tempcount=\count107
\pgf@xx=\dimen138
\pgf@xy=\dimen139
\pgf@yx=\dimen140
\pgf@yy=\dimen141
\pgf@zx=\dimen142
\pgf@zy=\dimen143
)
(C:\tex\MiKTeX_2.5\tex\generic\pgf\basiclayer\pgfcorepathconstruct.code.tex
File: pgfcorepathconstruct.code.tex 2006/10/16  (rcs-revision 1.6)
\pgf@path@lastx=\dimen144
\pgf@path@lasty=\dimen145
)
(C:\tex\MiKTeX_2.5\tex\generic\pgf\basiclayer\pgfcorepathusage.code.tex
File: pgfcorepathusage.code.tex 2006/10/16  (rcs-revision 1.7)
\pgf@shorten@end@additional=\dimen146
\pgf@shorten@start@additional=\dimen147
)
(C:\tex\MiKTeX_2.5\tex\generic\pgf\basiclayer\pgfcorescopes.code.tex
File: pgfcorescopes.code.tex 2006/10/23  (rcs-revision 1.20)
\pgfpic=\box34
\pgf@hbox=\box35
\pgf@layerbox@main=\box36
\pgf@picture@serial@count=\count108
)
(C:\tex\MiKTeX_2.5\tex\generic\pgf\basiclayer\pgfcoregraphicstate.code.tex
File: pgfcoregraphicstate.code.tex 2006/10/16  (rcs-revision 1.6)
\pgflinewidth=\dimen148
)
(C:\tex\MiKTeX_2.5\tex\generic\pgf\basiclayer\pgfcoretransformations.code.tex
File: pgfcoretransformations.code.tex 2006/10/11  (rcs-revision 1.4)
\pgf@pt@x=\dimen149
\pgf@pt@y=\dimen150
\pgf@pt@temp=\dimen151
)
(C:\tex\MiKTeX_2.5\tex\generic\pgf\basiclayer\pgfcorequick.code.tex
File: pgfcorequick.code.tex 2006/10/11  (rcs-revision 1.2)
)
(C:\tex\MiKTeX_2.5\tex\generic\pgf\basiclayer\pgfcoreobjects.code.tex
File: pgfcoreobjects.code.tex 2006/10/11  (rcs-revision 1.2)
)
(C:\tex\MiKTeX_2.5\tex\generic\pgf\basiclayer\pgfcorepathprocessing.code.tex
File: pgfcorepathprocessing.code.tex 2006/10/16  (rcs-revision 1.5)
)
(C:\tex\MiKTeX_2.5\tex\generic\pgf\basiclayer\pgfcorearrows.code.tex
File: pgfcorearrows.code.tex 2006/10/16  (rcs-revision 1.6)
)
(C:\tex\MiKTeX_2.5\tex\generic\pgf\basiclayer\pgfcoreshade.code.tex
File: pgfcoreshade.code.tex 2006/10/16  (rcs-revision 1.7)
\pgf@max=\dimen152
\pgf@sys@shading@range@num=\count109
)))
(C:\tex\MiKTeX_2.5\tex\latex\pgf\basiclayer\pgfbaseimage.sty
(C:\tex\MiKTeX_2.5\tex\generic\pgf\basiclayer\pgfbaseimage.code.tex
Package: pgfbaseimage 2006/10/16 v1.10 (rcs-revision 1.5)
))
(C:\tex\MiKTeX_2.5\tex\latex\pgf\utilities\xxcolor.sty
Package: xxcolor 2003/10/24 ver 0.1
\XC@nummixins=\count110
\XC@countmixins=\count111
)
(C:\tex\MiKTeX_2.5\tex\latex\amsfonts\amssymb.sty
Package: amssymb 2002/01/22 v2.2d

(C:\tex\MiKTeX_2.5\tex\latex\amsfonts\amsfonts.sty
Package: amsfonts 2001/10/25 v2.2f
\@emptytoks=\toks15
\symAMSa=\mathgroup4
\symAMSb=\mathgroup5
LaTeX Font Info:    Overwriting math alphabet `\mathfrak' in version `bold'
(Font)                  U/euf/m/n --> U/euf/b/n on input line 132.
))
(C:\tex\MiKTeX_2.5\tex\latex\geometry\geometry.sty
Package: geometry 2002/07/08 v3.2 Page Geometry
\Gm@cnth=\count112
\Gm@cntv=\count113
\c@Gm@tempcnt=\count114
\Gm@bindingoffset=\dimen153
\Gm@wd@mp=\dimen154
\Gm@odd@mp=\dimen155
\Gm@even@mp=\dimen156
\Gm@dimlist=\toks16

(C:\tex\MiKTeX_2.5\tex\latex\geometry\geometry.cfg))
(C:\tex\MiKTeX_2.5\tex\latex\hyperref\hyperref.sty
Package: hyperref 2006/09/06 v6.75e Hypertext links for LaTeX
\@linkdim=\dimen157
\Hy@linkcounter=\count115
\Hy@pagecounter=\count116

(C:\tex\MiKTeX_2.5\tex\latex\hyperref\pd1enc.def
File: pd1enc.def 2006/09/06 v6.75e Hyperref: PDFDocEncoding definition (HO)
)
(C:\tex\MiKTeX_2.5\tex\latex\00miktex\hyperref.cfg
File: hyperref.cfg 2006/02/14 v1.1 MiKTeX 'hyperref' configuration
)
(C:\tex\MiKTeX_2.5\tex\latex\oberdiek\kvoptions.sty
Package: kvoptions 2006/08/22 v2.4 Connects package keyval with LaTeX options (
HO)
)
Package hyperref Info: Option `bookmarks' set `true' on input line 2073.
Package hyperref Info: Option `bookmarksopen' set `true' on input line 2073.
Package hyperref Info: Option `implicit' set `false' on input line 2073.
Package hyperref Info: Hyper figures OFF on input line 2123.
Package hyperref Info: Link nesting OFF on input line 2128.
Package hyperref Info: Hyper index ON on input line 2131.
Package hyperref Info: Plain pages OFF on input line 2138.
Package hyperref Info: Backreferencing OFF on input line 2143.

Implicit mode OFF; no redefinition of LaTeX internals
Package hyperref Info: Bookmarks ON on input line 2273.
(C:\tex\MiKTeX_2.5\tex\latex\ltxmisc\url.sty
\Urlmuskip=\muskip10
Package: url 2005/06/27  ver 3.2  Verb mode for urls, etc.
)
LaTeX Info: Redefining \url on input line 2428.
\Fld@menulength=\count117
\Field@Width=\dimen158
\Fld@charsize=\dimen159
\Choice@toks=\toks17
\Field@toks=\toks18
Package hyperref Info: Hyper figures OFF on input line 2906.
Package hyperref Info: Link nesting OFF on input line 2911.
Package hyperref Info: Hyper index ON on input line 2914.
Package hyperref Info: backreferencing OFF on input line 2921.
Package hyperref Info: Link coloring OFF on input line 2926.
\Hy@abspage=\count118

Hyperref stopped early
)
*hyperref using default driver hpdftex*
(C:\tex\MiKTeX_2.5\tex\latex\hyperref\hpdftex.def
File: hpdftex.def 2006/09/06 v6.75e Hyperref driver for pdfTeX
\Fld@listcount=\count119
)
(C:\tex\MiKTeX_2.5\tex\latex\base\size11.clo
File: size11.clo 2005/09/16 v1.4f Standard LaTeX file (size option)
)
(C:\tex\MiKTeX_2.5\tex\latex\beamer\base\beamerbasecompatibility.sty
Package: beamerbasecompatibility 2005/01/25  (rcs-revision 1.60)
)
(C:\tex\MiKTeX_2.5\tex\latex\beamer\base\beamerbasefont.sty
Package: beamerbasefont 2005/05/17  (rcs-revision 1.15)
)
(C:\tex\MiKTeX_2.5\tex\latex\beamer\base\beamerbasemisc.sty
Package: beamerbasemisc 2005/05/17  (rcs-revision 1.23)
)
(C:\tex\MiKTeX_2.5\tex\latex\beamer\base\beamerbasetwoscreens.sty
Package: beamerbasetwoscreens 2005/10/14  (rcs-revision 1.6)
)
(C:\tex\MiKTeX_2.5\tex\latex\beamer\base\beamerbaseoverlay.sty
Package: beamerbaseoverlay 2005/05/18  (rcs-revision 1.49)
\beamer@argscount=\count120
\beamer@lastskipcover=\skip42
\beamer@trivlistdepth=\count121
)
(C:\tex\MiKTeX_2.5\tex\latex\beamer\base\beamerbasetitle.sty
Package: beamerbasetitle 2005/10/23  (rcs-revision 1.23)
)
(C:\tex\MiKTeX_2.5\tex\latex\beamer\base\beamerbasesection.sty
Package: beamerbasesection 2005/04/20  (rcs-revision 1.18)
\c@lecture=\count122
\c@part=\count123
\c@section=\count124
\c@subsection=\count125
\c@subsubsection=\count126
)
(C:\tex\MiKTeX_2.5\tex\latex\beamer\base\beamerbaseframe.sty
Package: beamerbaseframe 2005/06/02  (rcs-revision 1.58)
\beamer@framebox=\box37
\beamer@frametitlebox=\box38
\beamer@zoombox=\box39
\beamer@zoomcount=\count127
\beamer@zoomframecount=\count128
\beamer@frametextheight=\dimen160
\c@subsectionslide=\count129
\beamer@frametopskip=\skip43
\beamer@framebottomskip=\skip44
\beamer@frametopskipautobreak=\skip45
\beamer@framebottomskipautobreak=\skip46
\beamer@envbody=\toks19
\c@framenumber=\count130
)
(C:\tex\MiKTeX_2.5\tex\latex\beamer\base\beamerbaseverbatim.sty
Package: beamerbaseverbatim 2005/04/12  (rcs-revision 1.6)
\beamer@verbatimfileout=\write3
)
(C:\tex\MiKTeX_2.5\tex\latex\beamer\base\beamerbaseframesize.sty
Package: beamerbaseframesize 2005/06/09  (rcs-revision 1.17)
\beamer@splitbox=\box40
\beamer@autobreakcount=\count131
\beamer@autobreaklastheight=\dimen161
\beamer@frametitletoks=\toks20
\beamer@framesubtitletoks=\toks21
)
(C:\tex\MiKTeX_2.5\tex\latex\beamer\base\beamerbaseframecomponents.sty
Package: beamerbaseframecomponents 2004/11/08  (rcs-revision 1.40)
\beamer@footins=\box41
)
(C:\tex\MiKTeX_2.5\tex\latex\beamer\base\beamerbasecolor.sty
Package: beamerbasecolor 2005/01/25  (rcs-revision 1.41)
)
(C:\tex\MiKTeX_2.5\tex\latex\beamer\base\beamerbasenotes.sty
Package: beamerbasenotes 2005/10/14  (rcs-revision 1.22)
\beamer@frameboxcopy=\box42
)
(C:\tex\MiKTeX_2.5\tex\latex\beamer\base\beamerbasetoc.sty
Package: beamerbasetoc 2004/12/09  (rcs-revision 1.20)
)
(C:\tex\MiKTeX_2.5\tex\latex\beamer\base\beamerbasetemplates.sty
Package: beamerbasetemplates 2004/10/07  (rcs-revision 1.50)
\beamer@sbttoks=\toks22

(C:\tex\MiKTeX_2.5\tex\latex\beamer\base\beamerbaseauxtemplates.sty
Package: beamerbaseauxtemplates 2005/06/09  (rcs-revision 1.27)

(C:\tex\MiKTeX_2.5\tex\latex\beamer\base\beamerbaseboxes.sty
Package: beamerbaseboxes 2005/06/09  (rcs-revision 1.28)
\bmb@box=\box43
\bmb@colorbox=\box44
\bmb@boxshadow=\box45
\bmb@boxshadowball=\box46
\bmb@boxshadowballlarge=\box47
\bmb@temp=\dimen162
\bmb@dima=\dimen163
\bmb@dimb=\dimen164
\bmb@prevheight=\dimen165
)
\beamer@blockheadheight=\dimen166
))
(C:\tex\MiKTeX_2.5\tex\latex\beamer\base\beamerbaselocalstructure.sty
Package: beamerbaselocalstructure 2005/04/20  (rcs-revision 1.51)

(C:\tex\MiKTeX_2.5\tex\latex\tools\enumerate.sty
Package: enumerate 1999/03/05 v3.00 enumerate extensions (DPC)
\@enLab=\toks23
)
\c@figure=\count132
\c@table=\count133
\abovecaptionskip=\skip47
\belowcaptionskip=\skip48
)
(C:\tex\MiKTeX_2.5\tex\latex\beamer\base\beamerbasenavigation.sty
Package: beamerbasenavigation 2005/06/01  (rcs-revision 1.34)
)
(C:\tex\MiKTeX_2.5\tex\latex\beamer\base\beamerbasetheorems.sty
Package: beamerbasetheorems 2005/04/04  (rcs-revision 1.7)

(C:\tex\MiKTeX_2.5\tex\latex\amsmath\amsmath.sty
Package: amsmath 2000/07/18 v2.13 AMS math features
\@mathmargin=\skip49

For additional information on amsmath, use the `?' option.
(C:\tex\MiKTeX_2.5\tex\latex\amsmath\amstext.sty
Package: amstext 2000/06/29 v2.01

(C:\tex\MiKTeX_2.5\tex\latex\amsmath\amsgen.sty
File: amsgen.sty 1999/11/30 v2.0
\@emptytoks=\toks24
\ex@=\dimen167
))
(C:\tex\MiKTeX_2.5\tex\latex\amsmath\amsbsy.sty
Package: amsbsy 1999/11/29 v1.2d
\pmbraise@=\dimen168
)
(C:\tex\MiKTeX_2.5\tex\latex\amsmath\amsopn.sty
Package: amsopn 1999/12/14 v2.01 operator names
)
\inf@bad=\count134
LaTeX Info: Redefining \frac on input line 211.
\uproot@=\count135
\leftroot@=\count136
LaTeX Info: Redefining \overline on input line 307.
\classnum@=\count137
\DOTSCASE@=\count138
LaTeX Info: Redefining \ldots on input line 379.
LaTeX Info: Redefining \dots on input line 382.
LaTeX Info: Redefining \cdots on input line 467.
\Mathstrutbox@=\box48
\strutbox@=\box49
\big@size=\dimen169
LaTeX Font Info:    Redeclaring font encoding OML on input line 567.
LaTeX Font Info:    Redeclaring font encoding OMS on input line 568.
\macc@depth=\count139
\c@MaxMatrixCols=\count140
\dotsspace@=\muskip11
\c@parentequation=\count141
\dspbrk@lvl=\count142
\tag@help=\toks25
\row@=\count143
\column@=\count144
\maxfields@=\count145
\andhelp@=\toks26
\eqnshift@=\dimen170
\alignsep@=\dimen171
\tagshift@=\dimen172
\tagwidth@=\dimen173
\totwidth@=\dimen174
\lineht@=\dimen175
\@envbody=\toks27
\multlinegap=\skip50
\multlinetaggap=\skip51
\mathdisplay@stack=\toks28
LaTeX Info: Redefining \[ on input line 2666.
LaTeX Info: Redefining \] on input line 2667.
)
(C:\tex\MiKTeX_2.5\tex\latex\amscls\amsthm.sty
Package: amsthm 2004/08/06 v2.20
\thm@style=\toks29
\thm@bodyfont=\toks30
\thm@headfont=\toks31
\thm@notefont=\toks32
\thm@headpunct=\toks33
\thm@preskip=\skip52
\thm@postskip=\skip53
\thm@headsep=\skip54
\dth@everypar=\toks34
)
\c@theorem=\count146
)
(C:\tex\MiKTeX_2.5\tex\latex\beamer\base\beamerbasethemes.sty
Package: beamerbasethemes 2004/10/07  (rcs-revision 1.9)
)
(C:\tex\MiKTeX_2.5\tex\latex\beamer\themes\theme\beamerthemedefault.sty
Package: beamerthemedefault 2004/10/07  (rcs-revision 1.6)

(C:\tex\MiKTeX_2.5\tex\latex\beamer\themes\font\beamerfontthemedefault.sty
Package: beamerfontthemedefault 2005/03/15  (rcs-revision 1.12)
)
(C:\tex\MiKTeX_2.5\tex\latex\beamer\themes\color\beamercolorthemedefault.sty
Package: beamercolorthemedefault 2005/03/15  (rcs-revision 1.27)
)
(C:\tex\MiKTeX_2.5\tex\latex\beamer\themes\inner\beamerinnerthemedefault.sty
Package: beamerinnerthemedefault 2005/06/17  (rcs-revision 1.19)
\beamer@dima=\dimen176
\beamer@dimb=\dimen177
)
(C:\tex\MiKTeX_2.5\tex\latex\beamer\themes\outer\beamerouterthemedefault.sty
Package: beamerouterthemedefault 2005/06/09  (rcs-revision 1.13)
))) (C:\tex\MiKTeX_2.5\tex\generic\babel\babel.sty
Package: babel 2005/05/21 v3.8g The Babel package

*************************************
* Local config file bblopts.cfg used
*
(C:\tex\MiKTeX_2.5\tex\latex\00miktex\bblopts.cfg
File: bblopts.cfg 2006/07/31 v1.0 MiKTeX 'babel' configuration
)
(C:\tex\MiKTeX_2.5\tex\generic\babel\spanish.ldf
Language: spanish.ldf 2005/03/31 v4.2b Spanish support from the babel system

(C:\tex\MiKTeX_2.5\tex\generic\babel\babel.def
File: babel.def 2005/05/21 v3.8g Babel common definitions
LaTeX Info: Redefining \textlatin on input line 82.
\babel@savecnt=\count147
\U@D=\dimen178
)
\es@quottoks=\toks35
\es@quotdepth=\count148
Package babel Info: Making . an active character on input line 509.
Package babel Info: Making " an active character on input line 540.
Package babel Info: Making < an active character on input line 641.
Package babel Info: Making > an active character on input line 642.
))
(C:\tex\MiKTeX_2.5\tex\latex\base\inputenc.sty
Package: inputenc 2006/05/05 v1.1b Input encoding file
\inpenc@prehook=\toks36
\inpenc@posthook=\toks37

(C:\tex\MiKTeX_2.5\tex\latex\base\latin1.def
File: latin1.def 2006/05/05 v1.1b Input encoding file
))
(C:\tex\MiKTeX_2.5\tex\latex\beamer\extensions\multimedia\multimedia.sty
Package: multimedia 2004/04/10 ver 0.01
\mm@movie=\count149
)
(C:\tex\MiKTeX_2.5\tex\latex\pgf\frontendlayer\tikz.sty
(C:\tex\MiKTeX_2.5\tex\latex\pgf\basiclayer\pgf.sty
Package: pgf 2006/10/11 v1.10 (rcs-revision 1.7)

(C:\tex\MiKTeX_2.5\tex\latex\pgf\basiclayer\pgfbaseshapes.sty
(C:\tex\MiKTeX_2.5\tex\generic\pgf\basiclayer\pgfbaseshapes.code.tex
Package: pgfbaseshapes 2006/10/16 v1.10 (rcs-revision 1.16)
\pgfnodeparttextbox=\box50
))
(C:\tex\MiKTeX_2.5\tex\latex\pgf\basiclayer\pgfbaseplot.sty
(C:\tex\MiKTeX_2.5\tex\generic\pgf\basiclayer\pgfbaseplot.code.tex
Package: pgfbaseplot 2006/10/16 v1.10 (rcs-revision 1.5)
\pgf@plotwrite=\write4
))
(C:\tex\MiKTeX_2.5\tex\latex\pgf\basiclayer\pgfbaselayers.sty
(C:\tex\MiKTeX_2.5\tex\generic\pgf\basiclayer\pgfbaselayers.code.tex
Package: pgfbaselayers 2006/10/16 v1.10 (rcs-revision 1.5)
))
(C:\tex\MiKTeX_2.5\tex\latex\pgf\basiclayer\pgfbasesnakes.sty
(C:\tex\MiKTeX_2.5\tex\generic\pgf\basiclayer\pgfbasesnakes.code.tex
Package: pgfbasesnakes 2006/10/16 v1.10 (rcs-revision 1.10)
\pgfsnakeremainingdistance=\dimen179
\pgfsnakecompleteddistance=\dimen180
))
(C:\tex\MiKTeX_2.5\tex\latex\pgf\basiclayer\pgfbasepatterns.sty
(C:\tex\MiKTeX_2.5\tex\generic\pgf\basiclayer\pgfbasepatterns.code.tex
Package: pgfbasepatterns 2006/10/16 v1.10 (rcs-revision 1.9)
))
(C:\tex\MiKTeX_2.5\tex\latex\pgf\compatibility\pgfcomp-version-0-65.sty
Package: pgfcomp-version-0-65 2006/10/11 v1.10 (rcs-revision 1.4)
\pgf@nodesepstart=\dimen181
\pgf@nodesepend=\dimen182
))
(C:\tex\MiKTeX_2.5\tex\latex\tools\calc.sty
Package: calc 2005/08/06 v4.2 Infix arithmetic (KKT,FJ)
\calc@Acount=\count150
\calc@Bcount=\count151
\calc@Adimen=\dimen183
\calc@Bdimen=\dimen184
\calc@Askip=\skip55
\calc@Bskip=\skip56
LaTeX Info: Redefining \setlength on input line 75.
LaTeX Info: Redefining \addtolength on input line 76.
\calc@Ccount=\count152
\calc@Cskip=\skip57
)
(C:\tex\MiKTeX_2.5\tex\latex\pgf\utilities\pgffor.sty
(C:\tex\MiKTeX_2.5\tex\generic\pgf\utilities\pgffor.code.tex
Package: pgffor 2006/10/16 v1.10 (rcs-revision 1.5)
\pgffor@iter=\dimen185
\pgffor@skip=\dimen186
))
(C:\tex\MiKTeX_2.5\tex\latex\xkeyval\xkeyval.sty
Package: xkeyval 2005/11/25 v2.5e package option processing (HA)

(C:\tex\MiKTeX_2.5\tex\generic\xkeyval\xkeyval.tex
\XKV@toks=\toks38
\XKV@depth=\count153
File: xkeyval.tex 2005/11/25 v2.5e key=value parser (HA)
))
(C:\tex\MiKTeX_2.5\tex\generic\pgf\frontendlayer\tikz.code.tex
Package: tikz 2006/10/17 v1.10 (rcs-revision 1.68)

(C:\tex\MiKTeX_2.5\tex\generic\pgf\libraries\pgflibraryplothandlers.code.tex
File: pgflibraryplothandlers.code.tex 2006/10/16 v1.10 (rcs-revision 1.8)
\pgf@plot@mark@count=\count154
\pgfplotmarksize=\dimen187
)
\tikz@lastx=\dimen188
\tikz@lasty=\dimen189
\tikz@lastxsaved=\dimen190
\tikz@lastysaved=\dimen191
\tikzleveldistance=\dimen192
\tikzsiblingdistance=\dimen193
\tikz@figbox=\box51
\tikz@tempbox=\box52
\tikztreelevel=\count155
\tikznumberofchildren=\count156
\tikznumberofcurrentchild=\count157
\tikz@fig@count=\count158
\tikz@expandcount=\count159

(C:\tex\MiKTeX_2.5\tex\generic\pgf\libraries\pgflibrarytikztopaths.code.tex
File: pgflibrarytikztopaths.code.tex 2006/10/16 v1.10 (rcs-revision 1.5)
)))
(C:\tex\MiKTeX_2.5\tex\latex\beamer\themes\theme\beamerthemeWarsaw.sty
Package: beamerthemeWarsaw 2004/10/07  (rcs-revision 1.8)

(C:\tex\MiKTeX_2.5\tex\latex\beamer\themes\inner\beamerinnerthemerounded.sty
Package: beamerinnerthemerounded 2004/10/07  (rcs-revision 1.4)
)
(C:\tex\MiKTeX_2.5\tex\latex\beamer\themes\outer\beamerouterthemeshadow.sty
Package: beamerouterthemeshadow 2005/06/01  (rcs-revision 1.8)

(C:\tex\MiKTeX_2.5\tex\latex\beamer\themes\outer\beamerouterthemesplit.sty
Package: beamerouterthemesplit 2004/10/07  (rcs-revision 1.4)
))
(C:\tex\MiKTeX_2.5\tex\latex\beamer\themes\color\beamercolorthemeorchid.sty
Package: beamercolorthemeorchid 2004/10/07  (rcs-revision 1.2)
)
(C:\tex\MiKTeX_2.5\tex\latex\beamer\themes\color\beamercolorthemewhale.sty
Package: beamercolorthemewhale 2004/10/07  (rcs-revision 1.3)
))

Package hyperref Warning: Token not allowed in a PDFDocEncoded string,
(hyperref)                removing `\\' on input line 57.

(TFM1.aux)
LaTeX Font Info:    Checking defaults for OML/cmm/m/it on input line 63.
LaTeX Font Info:    ... okay on input line 63.
LaTeX Font Info:    Checking defaults for T1/cmr/m/n on input line 63.
LaTeX Font Info:    ... okay on input line 63.
LaTeX Font Info:    Checking defaults for OT1/cmr/m/n on input line 63.
LaTeX Font Info:    ... okay on input line 63.
LaTeX Font Info:    Checking defaults for OMS/cmsy/m/n on input line 63.
LaTeX Font Info:    ... okay on input line 63.
LaTeX Font Info:    Checking defaults for OMX/cmex/m/n on input line 63.
LaTeX Font Info:    ... okay on input line 63.
LaTeX Font Info:    Checking defaults for U/cmr/m/n on input line 63.
LaTeX Font Info:    ... okay on input line 63.
LaTeX Font Info:    Checking defaults for PD1/pdf/m/n on input line 63.
LaTeX Font Info:    ... okay on input line 63.
 (C:\tex\MiKTeX_2.5\tex\context\base\supp-pdf.tex
(C:\tex\MiKTeX_2.5\tex\context\base\supp-mis.tex
loading : Context Support Macros / Miscellaneous (2004.10.26)
\protectiondepth=\count160
\scratchcounter=\count161
\scratchtoks=\toks39
\scratchdimen=\dimen194
\scratchskip=\skip58
\scratchmuskip=\muskip12
\scratchbox=\box53
\scratchread=\read1
\scratchwrite=\write5
\zeropoint=\dimen195
\onepoint=\dimen196
\onebasepoint=\dimen197
\minusone=\count162
\thousandpoint=\dimen198
\onerealpoint=\dimen199
\emptytoks=\toks40
\nextbox=\box54
\nextdepth=\dimen200
\everyline=\toks41
\!!counta=\count163
\!!countb=\count164
\recursecounter=\count165
)
loading : Context Support Macros / PDF (2004.03.26)
\nofMPsegments=\count166
\nofMParguments=\count167
\MPscratchCnt=\count168
\MPscratchDim=\dimen201
\MPnumerator=\count169
\everyMPtoPDFconversion=\toks42
)
-------------------- Geometry parameters
paper: user defined
landscape: --
twocolumn: --
twoside: --
asymmetric: --
h-parts: 28.45274pt, 307.28987pt, 28.45274pt
v-parts: 0.0pt, 273.14662pt, 0.0pt
hmarginratio: --
vmarginratio: --
lines: --
heightrounded: --
bindingoffset: 0.0pt
truedimen: --
includehead: true
includefoot: true
includemp: --
driver: pdftex
-------------------- Page layout dimensions and switches
\paperwidth  364.19536pt
\paperheight 273.14662pt
\textwidth  307.28987pt
\textheight 244.6939pt
\oddsidemargin  -43.81725pt
\evensidemargin -43.81725pt
\topmargin  -72.26999pt
\headheight 14.22636pt
\headsep    0.0pt
\footskip   14.22636pt
\marginparwidth 4.0pt
\marginparsep   10.0pt
\columnsep  10.0pt
\skip\footins  10.0pt plus 4.0pt minus 2.0pt
\hoffset 0.0pt
\voffset 0.0pt
\mag 1000

(1in=72.27pt, 1cm=28.45pt)
-----------------------
Package hyperref Info: Link coloring OFF on input line 63.
 (C:\tex\MiKTeX_2.5\tex\latex\hyperref\nameref.sty
Package: nameref 2006/08/15 v2.26 Cross-referencing by name of section

(C:\tex\MiKTeX_2.5\tex\latex\oberdiek\refcount.sty
Package: refcount 2006/02/20 v3.0 Data extraction from references (HO)
)
\c@section@level=\count170
)
LaTeX Info: Redefining \ref on input line 63.
LaTeX Info: Redefining \pageref on input line 63.
 (TFM1.out) (TFM1.out)
\@outlinefile=\write6
LaTeX Font Info:    Overwriting symbol font `operators' in version `normal'
(Font)                  OT1/cmr/m/n --> OT1/cmss/m/n on input line 63.
LaTeX Font Info:    Overwriting symbol font `operators' in version `bold'
(Font)                  OT1/cmr/bx/n --> OT1/cmss/bx/n on input line 63.
\symnumbers=\mathgroup6
\sympureletters=\mathgroup7
LaTeX Font Info:    Overwriting math alphabet `\mathrm' in version `normal'
(Font)                  OT1/cmss/m/n --> OT1/cmr/m/n on input line 63.
LaTeX Font Info:    Redeclaring math alphabet \mathbf on input line 63.
LaTeX Font Info:    Overwriting math alphabet `\mathbf' in version `normal'
(Font)                  OT1/cmr/bx/n --> OT1/cmss/bx/n on input line 63.
LaTeX Font Info:    Overwriting math alphabet `\mathbf' in version `bold'
(Font)                  OT1/cmr/bx/n --> OT1/cmss/bx/n on input line 63.
LaTeX Font Info:    Redeclaring math alphabet \mathsf on input line 63.
LaTeX Font Info:    Overwriting math alphabet `\mathsf' in version `normal'
(Font)                  OT1/cmss/m/n --> OT1/cmss/m/n on input line 63.
LaTeX Font Info:    Overwriting math alphabet `\mathsf' in version `bold'
(Font)                  OT1/cmss/bx/n --> OT1/cmss/m/n on input line 63.
LaTeX Font Info:    Redeclaring math alphabet \mathit on input line 63.
LaTeX Font Info:    Overwriting math alphabet `\mathit' in version `normal'
(Font)                  OT1/cmr/m/it --> OT1/cmss/m/it on input line 63.
LaTeX Font Info:    Overwriting math alphabet `\mathit' in version `bold'
(Font)                  OT1/cmr/bx/it --> OT1/cmss/m/it on input line 63.
LaTeX Font Info:    Redeclaring math alphabet \mathtt on input line 63.
LaTeX Font Info:    Overwriting math alphabet `\mathtt' in version `normal'
(Font)                  OT1/cmtt/m/n --> OT1/cmtt/m/n on input line 63.
LaTeX Font Info:    Overwriting math alphabet `\mathtt' in version `bold'
(Font)                  OT1/cmtt/m/n --> OT1/cmtt/m/n on input line 63.
LaTeX Font Info:    Overwriting symbol font `numbers' in version `bold'
(Font)                  OT1/cmss/m/n --> OT1/cmss/bx/n on input line 63.
LaTeX Font Info:    Overwriting symbol font `pureletters' in version `bold'
(Font)                  OT1/cmss/m/it --> OT1/cmss/bx/it on input line 63.
LaTeX Font Info:    Overwriting math alphabet `\mathrm' in version `bold'
(Font)                  OT1/cmss/bx/n --> OT1/cmr/bx/n on input line 63.
LaTeX Font Info:    Overwriting math alphabet `\mathbf' in version `bold'
(Font)                  OT1/cmss/bx/n --> OT1/cmss/bx/n on input line 63.
LaTeX Font Info:    Overwriting math alphabet `\mathsf' in version `bold'
(Font)                  OT1/cmss/m/n --> OT1/cmss/bx/n on input line 63.
LaTeX Font Info:    Overwriting math alphabet `\mathit' in version `bold'
(Font)                  OT1/cmss/m/it --> OT1/cmss/bx/it on input line 63.
LaTeX Font Info:    Overwriting math alphabet `\mathtt' in version `bold'
(Font)                  OT1/cmtt/m/n --> OT1/cmtt/bx/n on input line 63.

(TFM1.nav)
LaTeX Font Info:    Try loading font information for U+lasy on input line 63.
 (C:\tex\MiKTeX_2.5\tex\latex\base\ulasy.fd
File: ulasy.fd 1998/08/17 v2.2e LaTeX symbol font definitions
)

LaTeX Font Warning: Font shape `OT1/cmss/m/n' in size <4> not available
(Font)              size <5> substituted on input line 67.

[1{psfonts.map}

] (TFM1.toc) [2

]
LaTeX Font Info:    Try loading font information for U+msa on input line 95.
 (C:\tex\MiKTeX_2.5\tex\latex\amsfonts\umsa.fd
File: umsa.fd 2002/01/19 v2.2g AMS font definitions
)
LaTeX Font Info:    Try loading font information for U+msb on input line 95.

(C:\tex\MiKTeX_2.5\tex\latex\amsfonts\umsb.fd
File: umsb.fd 2002/01/19 v2.2g AMS font definitions
) [3

] [4

] [5

] [6

] [7

] [8

] [9

]
[10

] [11

] [12

] [13

] [14

] [15

] [16

] [17

] [18

] [19

] [20

]
<./Figuras/Conos.pdf, id=344, 786.94pt x 255.95625pt>
File: ./Figuras/Conos.pdf Graphic file (type pdf)

<use ./Figuras/Conos.pdf> [21

 <C:/Documents and Settings/FEDE/Mis documentos/ECLIPSES/Presentación Fin de Má
ster/Figuras/Conos.pdf>]
File: ./Figuras/Conos.pdf Graphic file (type pdf)

<use ./Figuras/Conos.pdf> [22

]
File: ./Figuras/Conos.pdf Graphic file (type pdf)
 <use ./Figuras/Conos.pdf> [23

]
<./Figuras/Tipos.pdf, id=403, 731.0493pt x 753.76184pt>
File: ./Figuras/Tipos.pdf Graphic file (type pdf)

<use ./Figuras/Tipos.pdf>
Overfull \vbox (1.99095pt too high) detected at line 275
 []

[24

 <C:/Documents and Settings/FEDE/Mis documentos/ECLIPSES/Presentación Fin de Má
ster/Figuras/Tipos.pdf>]
File: ./Figuras/Tipos.pdf Graphic file (type pdf)
 <use ./Figuras/Tipos.pdf>
Overfull \vbox (1.99095pt too high) detected at line 275
 []

[25

]
File: ./Figuras/Tipos.pdf Graphic file (type pdf)
 <use ./Figuras/Tipos.pdf>
Overfull \vbox (1.99095pt too high) detected at line 275
 []

[26

] <./Figuras/Sombras.pdf, id=487, 381.14095pt x 248.41609pt>
File: ./Figuras/Sombras.pdf Graphic file (type pdf)

<use ./Figuras/Sombras.pdf>
Overfull \vbox (3.81032pt too high) detected at line 275
 []

[27

 <C:/Documents and Settings/FEDE/Mis documentos/ECLIPSES/Presentación Fin de Má
ster/Figuras/Sombras.pdf>]
File: ./Figuras/Sombras.pdf Graphic file (type pdf)
 <use ./Figuras/Sombras.pdf>
Overfull \vbox (3.81032pt too high) detected at line 275
 []

[28

]
File: ./Figuras/Sombras.pdf Graphic file (type pdf)
 <use ./Figuras/Sombras.pdf>
Overfull \vbox (3.81032pt too high) detected at line 275
 []

[29

]
File: ./Figuras/Sombras.pdf Graphic file (type pdf)
 <use ./Figuras/Sombras.pdf>
Overfull \vbox (3.81032pt too high) detected at line 275
 []

[30

]
File: ./Figuras/Sombras.pdf Graphic file (type pdf)
 <use ./Figuras/Sombras.pdf>
Overfull \vbox (3.81032pt too high) detected at line 275
 []

[31

] [32

] [33

] [34

] [35

] <./Figuras/s1.pdf, id=656, 240.9pt x 180.675pt>
File: ./Figuras/s1.pdf Graphic file (type pdf)

<use ./Figuras/s1.pdf> <./Figuras/s2.pdf, id=657, 240.9pt x 180.675pt>
File: ./Figuras/s2.pdf Graphic file (type pdf)

<use ./Figuras/s2.pdf> <./Figuras/s3.pdf, id=658, 240.9pt x 180.675pt>
File: ./Figuras/s3.pdf Graphic file (type pdf)

<use ./Figuras/s3.pdf> <./Figuras/s4.pdf, id=659, 240.9pt x 180.675pt>
File: ./Figuras/s4.pdf Graphic file (type pdf)

<use ./Figuras/s4.pdf> <./Figuras/s5.pdf, id=660, 240.9pt x 180.675pt>
File: ./Figuras/s5.pdf Graphic file (type pdf)

<use ./Figuras/s5.pdf> <./Figuras/s6.pdf, id=661, 240.9pt x 180.675pt>
File: ./Figuras/s6.pdf Graphic file (type pdf)

<use ./Figuras/s6.pdf> <./Figuras/s7.pdf, id=662, 240.9pt x 180.675pt>
File: ./Figuras/s7.pdf Graphic file (type pdf)

<use ./Figuras/s7.pdf> <./Figuras/s8.pdf, id=663, 240.9pt x 180.675pt>
File: ./Figuras/s8.pdf Graphic file (type pdf)

<use ./Figuras/s8.pdf>
<./Figuras/19abr2004.pdf, id=664, 309.155pt x 231.86626pt>
File: ./Figuras/19abr2004.pdf Graphic file (type pdf)

<use ./Figuras/19abr2004.pdf> [36

 <C:/Documents and Settings/FEDE/Mis documentos/ECLIPSES/Presentación Fin de Má
ster/Figuras/s1.pdf>]
File: ./Figuras/s1.pdf Graphic file (type pdf)
 <use ./Figuras/s1.pdf>
File: ./Figuras/s2.pdf Graphic file (type pdf)

<use ./Figuras/s2.pdf>
File: ./Figuras/s3.pdf Graphic file (type pdf)
 <use ./Figuras/s3.pdf>
File: ./Figuras/s4.pdf Graphic file (type pdf)
 <use ./Figuras/s4.pdf>
File: ./Figuras/s5.pdf Graphic file (type pdf)

<use ./Figuras/s5.pdf>
File: ./Figuras/s6.pdf Graphic file (type pdf)
 <use ./Figuras/s6.pdf>
File: ./Figuras/s7.pdf Graphic file (type pdf)
 <use ./Figuras/s7.pdf>
File: ./Figuras/s8.pdf Graphic file (type pdf)

<use ./Figuras/s8.pdf>
File: ./Figuras/19abr2004.pdf Graphic file (type pdf)
 <use ./Figuras/19abr2004.pdf> [37

 <C:/Documents and Settings/FEDE/Mis documentos/ECLIPSES/Presentación Fin de Má
ster/Figuras/s2.pdf>]
File: ./Figuras/s1.pdf Graphic file (type pdf)

<use ./Figuras/s1.pdf>
File: ./Figuras/s2.pdf Graphic file (type pdf)
 <use ./Figuras/s2.pdf>
File: ./Figuras/s3.pdf Graphic file (type pdf)
 <use ./Figuras/s3.pdf>
File: ./Figuras/s4.pdf Graphic file (type pdf)

<use ./Figuras/s4.pdf>
File: ./Figuras/s5.pdf Graphic file (type pdf)
 <use ./Figuras/s5.pdf>
File: ./Figuras/s6.pdf Graphic file (type pdf)
 <use ./Figuras/s6.pdf>
File: ./Figuras/s7.pdf Graphic file (type pdf)

<use ./Figuras/s7.pdf>
File: ./Figuras/s8.pdf Graphic file (type pdf)
 <use ./Figuras/s8.pdf>
File: ./Figuras/19abr2004.pdf Graphic file (type pdf)
 <use ./Figuras/19abr2004.pdf>
[38

 <C:/Documents and Settings/FEDE/Mis documentos/ECLIPSES/Presentación Fin de Má
ster/Figuras/s3.pdf>]
File: ./Figuras/s1.pdf Graphic file (type pdf)
 <use ./Figuras/s1.pdf>
File: ./Figuras/s2.pdf Graphic file (type pdf)
 <use ./Figuras/s2.pdf>
File: ./Figuras/s3.pdf Graphic file (type pdf)

<use ./Figuras/s3.pdf>
File: ./Figuras/s4.pdf Graphic file (type pdf)
 <use ./Figuras/s4.pdf>
File: ./Figuras/s5.pdf Graphic file (type pdf)
 <use ./Figuras/s5.pdf>
File: ./Figuras/s6.pdf Graphic file (type pdf)

<use ./Figuras/s6.pdf>
File: ./Figuras/s7.pdf Graphic file (type pdf)
 <use ./Figuras/s7.pdf>
File: ./Figuras/s8.pdf Graphic file (type pdf)
 <use ./Figuras/s8.pdf>
File: ./Figuras/19abr2004.pdf Graphic file (type pdf)

<use ./Figuras/19abr2004.pdf> [39

 <C:/Documents and Settings/FEDE/Mis documentos/ECLIPSES/Presentación Fin de Má
ster/Figuras/s4.pdf>]
File: ./Figuras/s1.pdf Graphic file (type pdf)
 <use ./Figuras/s1.pdf>
File: ./Figuras/s2.pdf Graphic file (type pdf)

<use ./Figuras/s2.pdf>
File: ./Figuras/s3.pdf Graphic file (type pdf)
 <use ./Figuras/s3.pdf>
File: ./Figuras/s4.pdf Graphic file (type pdf)
 <use ./Figuras/s4.pdf>
File: ./Figuras/s5.pdf Graphic file (type pdf)

<use ./Figuras/s5.pdf>
File: ./Figuras/s6.pdf Graphic file (type pdf)
 <use ./Figuras/s6.pdf>
File: ./Figuras/s7.pdf Graphic file (type pdf)
 <use ./Figuras/s7.pdf>
File: ./Figuras/s8.pdf Graphic file (type pdf)

<use ./Figuras/s8.pdf>
File: ./Figuras/19abr2004.pdf Graphic file (type pdf)
 <use ./Figuras/19abr2004.pdf> [40

 <C:/Documents and Settings/FEDE/Mis documentos/ECLIPSES/Presentación Fin de Má
ster/Figuras/s5.pdf>]
File: ./Figuras/s1.pdf Graphic file (type pdf)

<use ./Figuras/s1.pdf>
File: ./Figuras/s2.pdf Graphic file (type pdf)
 <use ./Figuras/s2.pdf>
File: ./Figuras/s3.pdf Graphic file (type pdf)
 <use ./Figuras/s3.pdf>
File: ./Figuras/s4.pdf Graphic file (type pdf)

<use ./Figuras/s4.pdf>
File: ./Figuras/s5.pdf Graphic file (type pdf)
 <use ./Figuras/s5.pdf>
File: ./Figuras/s6.pdf Graphic file (type pdf)
 <use ./Figuras/s6.pdf>
File: ./Figuras/s7.pdf Graphic file (type pdf)

<use ./Figuras/s7.pdf>
File: ./Figuras/s8.pdf Graphic file (type pdf)
 <use ./Figuras/s8.pdf>
File: ./Figuras/19abr2004.pdf Graphic file (type pdf)
 <use ./Figuras/19abr2004.pdf>
[41

 <C:/Documents and Settings/FEDE/Mis documentos/ECLIPSES/Presentación Fin de Má
ster/Figuras/s6.pdf>]
File: ./Figuras/s1.pdf Graphic file (type pdf)
 <use ./Figuras/s1.pdf>
File: ./Figuras/s2.pdf Graphic file (type pdf)
 <use ./Figuras/s2.pdf>
File: ./Figuras/s3.pdf Graphic file (type pdf)

<use ./Figuras/s3.pdf>
File: ./Figuras/s4.pdf Graphic file (type pdf)
 <use ./Figuras/s4.pdf>
File: ./Figuras/s5.pdf Graphic file (type pdf)
 <use ./Figuras/s5.pdf>
File: ./Figuras/s6.pdf Graphic file (type pdf)

<use ./Figuras/s6.pdf>
File: ./Figuras/s7.pdf Graphic file (type pdf)
 <use ./Figuras/s7.pdf>
File: ./Figuras/s8.pdf Graphic file (type pdf)
 <use ./Figuras/s8.pdf>
File: ./Figuras/19abr2004.pdf Graphic file (type pdf)

<use ./Figuras/19abr2004.pdf> [42

 <C:/Documents and Settings/FEDE/Mis documentos/ECLIPSES/Presentación Fin de Má
ster/Figuras/s7.pdf>]
File: ./Figuras/s1.pdf Graphic file (type pdf)
 <use ./Figuras/s1.pdf>
File: ./Figuras/s2.pdf Graphic file (type pdf)

<use ./Figuras/s2.pdf>
File: ./Figuras/s3.pdf Graphic file (type pdf)
 <use ./Figuras/s3.pdf>
File: ./Figuras/s4.pdf Graphic file (type pdf)
 <use ./Figuras/s4.pdf>
File: ./Figuras/s5.pdf Graphic file (type pdf)

<use ./Figuras/s5.pdf>
File: ./Figuras/s6.pdf Graphic file (type pdf)
 <use ./Figuras/s6.pdf>
File: ./Figuras/s7.pdf Graphic file (type pdf)
 <use ./Figuras/s7.pdf>
File: ./Figuras/s8.pdf Graphic file (type pdf)

<use ./Figuras/s8.pdf>
File: ./Figuras/19abr2004.pdf Graphic file (type pdf)
 <use ./Figuras/19abr2004.pdf> [43

 <C:/Documents and Settings/FEDE/Mis documentos/ECLIPSES/Presentación Fin de Má
ster/Figuras/s8.pdf>]
File: ./Figuras/s1.pdf Graphic file (type pdf)

<use ./Figuras/s1.pdf>
File: ./Figuras/s2.pdf Graphic file (type pdf)
 <use ./Figuras/s2.pdf>
File: ./Figuras/s3.pdf Graphic file (type pdf)
 <use ./Figuras/s3.pdf>
File: ./Figuras/s4.pdf Graphic file (type pdf)

<use ./Figuras/s4.pdf>
File: ./Figuras/s5.pdf Graphic file (type pdf)
 <use ./Figuras/s5.pdf>
File: ./Figuras/s6.pdf Graphic file (type pdf)
 <use ./Figuras/s6.pdf>
File: ./Figuras/s7.pdf Graphic file (type pdf)

<use ./Figuras/s7.pdf>
File: ./Figuras/s8.pdf Graphic file (type pdf)
 <use ./Figuras/s8.pdf>
File: ./Figuras/19abr2004.pdf Graphic file (type pdf)
 <use ./Figuras/19abr2004.pdf>
[44

 <C:/Documents and Settings/FEDE/Mis documentos/ECLIPSES/Presentación Fin de Má
ster/Figuras/19abr2004.pdf>]
<./Figuras/EjemploMapaAnular.pdf, id=801, 775.89874pt x 575.14874pt>
File: ./Figuras/EjemploMapaAnular.pdf Graphic file (type pdf)

<use ./Figuras/EjemploMapaAnular.pdf>
File: ./Figuras/s1.pdf Graphic file (type pdf)
 <use ./Figuras/s1.pdf>
<./Figuras/EjemploMapaParcial2.pdf, id=802, 572.1375pt x 800.9925pt>
File: ./Figuras/EjemploMapaParcial2.pdf Graphic file (type pdf)

<use ./Figuras/EjemploMapaParcial2.pdf>
File: ./Figuras/19abr2004.pdf Graphic file (type pdf)
 <use ./Figuras/19abr2004.pdf>
Overfull \vbox (15.4779pt too high) detected at line 419
 []

[45

 <C:/Documents and Settings/FEDE/Mis documentos/ECLIPSES/Presentación Fin de Má
ster/Figuras/EjemploMapaAnular.pdf>]
File: ./Figuras/EjemploMapaAnular.pdf Graphic file (type pdf)
 <use ./Figuras/EjemploMapaAnular.pdf>
File: ./Figuras/s1.pdf Graphic file (type pdf)

<use ./Figuras/s1.pdf>
File: ./Figuras/EjemploMapaParcial2.pdf Graphic file (type pdf)
 <use ./Figuras/EjemploMapaParcial2.pdf>
File: ./Figuras/19abr2004.pdf Graphic file (type pdf)

<use ./Figuras/19abr2004.pdf>
Overfull \vbox (15.4779pt too high) detected at line 419
 []

[46

 <C:/Documents and Settings/FEDE/Mis documentos/ECLIPSES/Presentación Fin de Má
ster/Figuras/EjemploMapaParcial2.pdf>] [47

] [48

] [49

] [50

] [51

] [52

]
[53

] [54

] [55

] [56

] [57

] [58

]
\tf@nav=\write7
\tf@toc=\write8
\tf@snm=\write9
 (TFM1.aux)

LaTeX Font Warning: Size substitutions with differences
(Font)              up to 1.0pt have occurred.

 ) 
Here is how much of TeX's memory you used:
 11764 strings out of 95403
 196084 string characters out of 1187355
 284631 words of memory out of 1282169
 13810 multiletter control sequences out of 60000
 11352 words of font info for 44 fonts, out of 1000000 for 2000
 14 hyphenation exceptions out of 8191
 42i,20n,62p,394b,775s stack positions out of 5000i,500n,10000p,200000b,32768s
PDF statistics:
 980 PDF objects out of 300000
 123 named destinations out of 300000
 225 words of extra memory for PDF output out of 10000
<C:/tex/MiKTeX_2.5/fonts/type1/bluesky/cm/cmssbx10.pfb><C:/tex/MiKTeX_2.5/fon
ts/type1/bluesky/cm/cmsy10.pfb><C:/tex/MiKTeX_2.5/fonts/type1/bluesky/ams/msbm1
0.pfb><C:/tex/MiKTeX_2.5/fonts/type1/bluesky/cm/cmmi10.pfb><C:/tex/MiKTeX_2.5/f
onts/type1/bluesky/cm/cmssi10.pfb><C:/tex/MiKTeX_2.5/fonts/type1/bluesky/cm/cms
si8.pfb><C:/tex/MiKTeX_2.5/fonts/type1/bluesky/cm/cmex10.pfb><C:/tex/MiKTeX_2.5
/fonts/type1/bluesky/cm/cmsy8.pfb><C:/tex/MiKTeX_2.5/fonts/type1/bluesky/latex-
fonts/lasy6.pfb><C:/tex/MiKTeX_2.5/fonts/type1/bluesky/cm/cmtt10.pfb><C:/tex/Mi
KTeX_2.5/fonts/type1/bluesky/cm/cmss10.pfb><C:/tex/MiKTeX_2.5/fonts/type1/blues
ky/latex-fonts/lasy10.pfb><C:/tex/MiKTeX_2.5/fonts/type1/bluesky/cm/cmss12.pfb>
<C:/tex/MiKTeX_2.5/fonts/type1/bluesky/cm/cmss8.pfb>
Output written on TFM1.pdf (58 pages, 3106588 bytes).
