This is pdfTeX, Version 3.141592-1.40.3 (Web2C 7.5.6) (format=pdflatex 2007.10.30)  17 JUN 2010 10:58
entering extended mode
\write18 enabled.
**TRABAJO_FIN_MASTER2.tex
(./TRABAJO_FIN_MASTER2.tex
LaTeX2e <2005/12/01>
Babel <v3.8h> and hyphenation patterns for english, usenglishmax, dumylang, noh
yphenation, arabic, basque, bulgarian, coptic, welsh, czech, slovak, german, ng
erman, danish, esperanto, spanish, catalan, galician, estonian, farsi, finnish,
 french, greek, monogreek, ancientgreek, croatian, hungarian, interlingua, ibyc
us, indonesian, icelandic, italian, latin, mongolian, dutch, norsk, polish, por
tuguese, pinyin, romanian, russian, slovenian, uppersorbian, serbian, swedish, 
turkish, ukenglish, ukrainian, loaded.
(/usr/local/gwTeX/texmf.texlive/tex/latex/base/book.cls
Document Class: book 2005/09/16 v1.4f Standard LaTeX document class
(/usr/local/gwTeX/texmf.texlive/tex/latex/base/bk11.clo
File: bk11.clo 2005/09/16 v1.4f Standard LaTeX file (size option)
)
\c@part=\count79
\c@chapter=\count80
\c@section=\count81
\c@subsection=\count82
\c@subsubsection=\count83
\c@paragraph=\count84
\c@subparagraph=\count85
\c@figure=\count86
\c@table=\count87
\abovecaptionskip=\skip41
\belowcaptionskip=\skip42
\bibindent=\dimen102
)
(/usr/local/gwTeX/texmf.texlive/tex/generic/babel/babel.sty
Package: babel 2005/11/23 v3.8h The Babel package

(/usr/local/gwTeX/texmf.texlive/tex/generic/babel/spanish.ldf
Language: spanish.ldf 2005/03/31 v4.2b Spanish support from the babel system

(/usr/local/gwTeX/texmf.texlive/tex/generic/babel/babel.def
File: babel.def 2005/11/23 v3.8h Babel common definitions
\babel@savecnt=\count88
\U@D=\dimen103
)
\es@quottoks=\toks14
\es@quotdepth=\count89
Package babel Info: Making . an active character on input line 509.
Package babel Info: Making " an active character on input line 540.
Package babel Info: Making < an active character on input line 641.
Package babel Info: Making > an active character on input line 642.
))
(/usr/local/gwTeX/texmf.texlive/tex/latex/base/inputenc.sty
Package: inputenc 2006/05/05 v1.1b Input encoding file
\inpenc@prehook=\toks15
\inpenc@posthook=\toks16

(/usr/local/gwTeX/texmf.texlive/tex/latex/base/ansinew.def
File: ansinew.def 2006/05/05 v1.1b Input encoding file
))
(/usr/local/gwTeX/texmf.texlive/tex/latex/graphics/graphicx.sty
Package: graphicx 1999/02/16 v1.0f Enhanced LaTeX Graphics (DPC,SPQR)

(/usr/local/gwTeX/texmf.texlive/tex/latex/graphics/keyval.sty
Package: keyval 1999/03/16 v1.13 key=value parser (DPC)
\KV@toks@=\toks17
)
(/usr/local/gwTeX/texmf.texlive/tex/latex/graphics/graphics.sty
Package: graphics 2006/02/20 v1.0o Standard LaTeX Graphics (DPC,SPQR)

(/usr/local/gwTeX/texmf.texlive/tex/latex/graphics/trig.sty
Package: trig 1999/03/16 v1.09 sin cos tan (DPC)
)
(/usr/local/gwTeX/texmf.texlive/tex/latex/config/graphics.cfg
File: graphics.cfg 2007/01/18 v1.5 graphics configuration of teTeX/TeXLive
)
Package graphics Info: Driver file: pdftex.def on input line 90.

(/usr/local/gwTeX/texmf.texlive/tex/latex/pdftex-def/pdftex.def
File: pdftex.def 2007/01/08 v0.04d Graphics/color for pdfTeX
\Gread@gobject=\count90
))
\Gin@req@height=\dimen104
\Gin@req@width=\dimen105
)
(/usr/local/gwTeX/texmf.texlive/tex/latex/graphics/color.sty
Package: color 2005/11/14 v1.0j Standard LaTeX Color (DPC)

(/usr/local/gwTeX/texmf.texlive/tex/latex/config/color.cfg
File: color.cfg 2007/01/18 v1.5 color configuration of teTeX/TeXLive
)
Package color Info: Driver file: pdftex.def on input line 130.
)
(/usr/local/gwTeX/texmf.texlive/tex/latex/graphics/lscape.sty
Package: lscape 2000/10/22 v3.01 Landscape Pages (DPC)
)
(/usr/local/gwTeX/texmf.texlive/tex/latex/amsmath/amsmath.sty
Package: amsmath 2000/07/18 v2.13 AMS math features
\@mathmargin=\skip43

For additional information on amsmath, use the `?' option.
(/usr/local/gwTeX/texmf.texlive/tex/latex/amsmath/amstext.sty
Package: amstext 2000/06/29 v2.01

(/usr/local/gwTeX/texmf.texlive/tex/latex/amsmath/amsgen.sty
File: amsgen.sty 1999/11/30 v2.0
\@emptytoks=\toks18
\ex@=\dimen106
))
(/usr/local/gwTeX/texmf.texlive/tex/latex/amsmath/amsbsy.sty
Package: amsbsy 1999/11/29 v1.2d
\pmbraise@=\dimen107
)
(/usr/local/gwTeX/texmf.texlive/tex/latex/amsmath/amsopn.sty
Package: amsopn 1999/12/14 v2.01 operator names
)
\inf@bad=\count91
LaTeX Info: Redefining \frac on input line 211.
\uproot@=\count92
\leftroot@=\count93
LaTeX Info: Redefining \overline on input line 307.
\classnum@=\count94
\DOTSCASE@=\count95
LaTeX Info: Redefining \ldots on input line 379.
LaTeX Info: Redefining \dots on input line 382.
LaTeX Info: Redefining \cdots on input line 467.
\Mathstrutbox@=\box26
\strutbox@=\box27
\big@size=\dimen108
LaTeX Font Info:    Redeclaring font encoding OML on input line 567.
LaTeX Font Info:    Redeclaring font encoding OMS on input line 568.
\macc@depth=\count96
\c@MaxMatrixCols=\count97
\dotsspace@=\muskip10
\c@parentequation=\count98
\dspbrk@lvl=\count99
\tag@help=\toks19
\row@=\count100
\column@=\count101
\maxfields@=\count102
\andhelp@=\toks20
\eqnshift@=\dimen109
\alignsep@=\dimen110
\tagshift@=\dimen111
\tagwidth@=\dimen112
\totwidth@=\dimen113
\lineht@=\dimen114
\@envbody=\toks21
\multlinegap=\skip44
\multlinetaggap=\skip45
\mathdisplay@stack=\toks22
LaTeX Info: Redefining \[ on input line 2666.
LaTeX Info: Redefining \] on input line 2667.
)
(/usr/local/gwTeX/texmf.texlive/tex/latex/amsfonts/amsfonts.sty
Package: amsfonts 2001/10/25 v2.2f
\symAMSa=\mathgroup4
\symAMSb=\mathgroup5
LaTeX Font Info:    Overwriting math alphabet `\mathfrak' in version `bold'
(Font)                  U/euf/m/n --> U/euf/b/n on input line 132.
)
(/usr/local/gwTeX/texmf.texlive/tex/latex/amsfonts/amssymb.sty
Package: amssymb 2002/01/22 v2.2d
)
(/usr/local/gwTeX/texmf.texlive/tex/latex/base/latexsym.sty
Package: latexsym 1998/08/17 v2.2e Standard LaTeX package (lasy symbols)
\symlasy=\mathgroup6
LaTeX Font Info:    Overwriting symbol font `lasy' in version `bold'
(Font)                  U/lasy/m/n --> U/lasy/b/n on input line 47.
)
(/usr/local/gwTeX/texmf.texlive/tex/latex/psnfss/times.sty
Package: times 2005/04/12 PSNFSS-v9.2a (SPQR) 
)
(/usr/local/gwTeX/texmf.texlive/tex/latex/psnfss/mathptmx.sty
Package: mathptmx 2005/04/12 PSNFSS-v9.2a Times w/ Math, improved (SPQR, WaS) 
LaTeX Font Info:    Redeclaring symbol font `operators' on input line 28.
LaTeX Font Info:    Overwriting symbol font `operators' in version `normal'
(Font)                  OT1/cmr/m/n --> OT1/ztmcm/m/n on input line 28.
LaTeX Font Info:    Overwriting symbol font `operators' in version `bold'
(Font)                  OT1/cmr/bx/n --> OT1/ztmcm/m/n on input line 28.
LaTeX Font Info:    Redeclaring symbol font `letters' on input line 29.
LaTeX Font Info:    Overwriting symbol font `letters' in version `normal'
(Font)                  OML/cmm/m/it --> OML/ztmcm/m/it on input line 29.
LaTeX Font Info:    Overwriting symbol font `letters' in version `bold'
(Font)                  OML/cmm/b/it --> OML/ztmcm/m/it on input line 29.
LaTeX Font Info:    Redeclaring symbol font `symbols' on input line 30.
LaTeX Font Info:    Overwriting symbol font `symbols' in version `normal'
(Font)                  OMS/cmsy/m/n --> OMS/ztmcm/m/n on input line 30.
LaTeX Font Info:    Overwriting symbol font `symbols' in version `bold'
(Font)                  OMS/cmsy/b/n --> OMS/ztmcm/m/n on input line 30.
LaTeX Font Info:    Redeclaring symbol font `largesymbols' on input line 31.
LaTeX Font Info:    Overwriting symbol font `largesymbols' in version `normal'
(Font)                  OMX/cmex/m/n --> OMX/ztmcm/m/n on input line 31.
LaTeX Font Info:    Overwriting symbol font `largesymbols' in version `bold'
(Font)                  OMX/cmex/m/n --> OMX/ztmcm/m/n on input line 31.
\symbold=\mathgroup7
\symitalic=\mathgroup8
LaTeX Font Info:    Redeclaring math alphabet \mathbf on input line 34.
LaTeX Font Info:    Overwriting math alphabet `\mathbf' in version `normal'
(Font)                  OT1/cmr/bx/n --> OT1/ptm/bx/n on input line 34.
LaTeX Font Info:    Overwriting math alphabet `\mathbf' in version `bold'
(Font)                  OT1/cmr/bx/n --> OT1/ptm/bx/n on input line 34.
LaTeX Font Info:    Redeclaring math alphabet \mathit on input line 35.
LaTeX Font Info:    Overwriting math alphabet `\mathit' in version `normal'
(Font)                  OT1/cmr/m/it --> OT1/ptm/m/it on input line 35.
LaTeX Font Info:    Overwriting math alphabet `\mathit' in version `bold'
(Font)                  OT1/cmr/bx/it --> OT1/ptm/m/it on input line 35.
LaTeX Info: Redefining \hbar on input line 50.
)
(/usr/local/gwTeX/texmf.texlive/tex/latex/wasysym/wasysym.sty
Package: wasysym 2003/10/30 v2.0 Wasy-2 symbol support package
\symwasy=\mathgroup9
LaTeX Font Info:    Overwriting symbol font `wasy' in version `bold'
(Font)                  U/wasy/m/n --> U/wasy/b/n on input line 90.
)
(/usr/local/gwTeX/texmf.texlive/tex/latex/geometry/geometry.sty
Package: geometry 2002/07/08 v3.2 Page Geometry
\Gm@cnth=\count103
\Gm@cntv=\count104
\c@Gm@tempcnt=\count105
\Gm@bindingoffset=\dimen115
\Gm@wd@mp=\dimen116
\Gm@odd@mp=\dimen117
\Gm@even@mp=\dimen118
\Gm@dimlist=\toks23

(/usr/local/gwTeX/texmf.texlive/tex/xelatex/xetexconfig/geometry.cfg))

LaTeX Warning: Unused global option(s):
    [twosides].

(./TRABAJO_FIN_MASTER2.aux)
\openout1 = `TRABAJO_FIN_MASTER2.aux'.

LaTeX Font Info:    Checking defaults for OML/cmm/m/it on input line 57.
LaTeX Font Info:    ... okay on input line 57.
LaTeX Font Info:    Checking defaults for T1/cmr/m/n on input line 57.
LaTeX Font Info:    ... okay on input line 57.
LaTeX Font Info:    Checking defaults for OT1/cmr/m/n on input line 57.
LaTeX Font Info:    ... okay on input line 57.
LaTeX Font Info:    Checking defaults for OMS/cmsy/m/n on input line 57.
LaTeX Font Info:    ... okay on input line 57.
LaTeX Font Info:    Checking defaults for OMX/cmex/m/n on input line 57.
LaTeX Font Info:    ... okay on input line 57.
LaTeX Font Info:    Checking defaults for U/cmr/m/n on input line 57.
LaTeX Font Info:    ... okay on input line 57.
LaTeX Font Info:    Try loading font information for OT1+ptm on input line 57.

(/usr/local/gwTeX/texmf.texlive/tex/latex/psnfss/ot1ptm.fd
File: ot1ptm.fd 2001/06/04 font definitions for OT1/ptm.
)
(/usr/local/gwTeX/texmf.pkgs/tex/context/base/supp-pdf.tex
[Loading MPS to PDF converter (version 2006.09.02).]
\scratchcounter=\count106
\scratchdimen=\dimen119
\scratchbox=\box28
\nofMPsegments=\count107
\nofMParguments=\count108
\MPscratchCnt=\count109
\MPscratchDim=\dimen120
\MPnumerator=\count110
\everyMPtoPDFconversion=\toks24
)
-------------------- Geometry parameters
paper: a4paper
landscape: --
twocolumn: --
twoside: true
asymmetric: --
h-parts: 85.35826pt, 426.79135pt, 85.35826pt
v-parts: 85.35826pt, 674.33032pt, 85.35826pt
hmarginratio: --
vmarginratio: --
lines: --
heightrounded: --
bindingoffset: 0.0pt
truedimen: --
includehead: --
includefoot: --
includemp: --
driver: pdftex
-------------------- Page layout dimensions and switches
\paperwidth  597.50787pt
\paperheight 845.04684pt
\textwidth  426.79135pt
\textheight 674.33032pt
\oddsidemargin  13.08827pt
\evensidemargin 13.08827pt
\topmargin  -18.78552pt
\headheight 12.0pt
\headsep    19.8738pt
\footskip   27.46295pt
\marginparwidth 106.0pt
\marginparsep   7.0pt
\columnsep  10.0pt
\skip\footins  10.0pt plus 4.0pt minus 2.0pt
\hoffset 0.0pt
\voffset 0.0pt
\mag 1000
\@twosidetrue \@mparswitchtrue 
(1in=72.27pt, 1cm=28.45pt)
-----------------------
LaTeX Font Info:    Font shape `OT1/ptm/bx/n' in size <17.28> not available
(Font)              Font shape `OT1/ptm/b/n' tried instead on input line 59.
LaTeX Font Info:    Try loading font information for OT1+ztmcm on input line 59
.
 (/usr/local/gwTeX/texmf.texlive/tex/latex/psnfss/ot1ztmcm.fd
File: ot1ztmcm.fd 2000/01/03 Fontinst v1.801 font definitions for OT1/ztmcm.
)
LaTeX Font Info:    Try loading font information for OML+ztmcm on input line 59
.

(/usr/local/gwTeX/texmf.texlive/tex/latex/psnfss/omlztmcm.fd
File: omlztmcm.fd 2000/01/03 Fontinst v1.801 font definitions for OML/ztmcm.
)
LaTeX Font Info:    Try loading font information for OMS+ztmcm on input line 59
.

(/usr/local/gwTeX/texmf.texlive/tex/latex/psnfss/omsztmcm.fd
File: omsztmcm.fd 2000/01/03 Fontinst v1.801 font definitions for OMS/ztmcm.
)
LaTeX Font Info:    Try loading font information for OMX+ztmcm on input line 59
.

(/usr/local/gwTeX/texmf.texlive/tex/latex/psnfss/omxztmcm.fd
File: omxztmcm.fd 2000/01/03 Fontinst v1.801 font definitions for OMX/ztmcm.
)
LaTeX Font Info:    Try loading font information for U+lasy on input line 59.

(/usr/local/gwTeX/texmf.texlive/tex/latex/base/ulasy.fd
File: ulasy.fd 1998/08/17 v2.2e LaTeX symbol font definitions
)
LaTeX Font Info:    Font shape `OT1/ptm/bx/n' in size <12> not available
(Font)              Font shape `OT1/ptm/b/n' tried instead on input line 59.
LaTeX Font Info:    Font shape `OT1/ptm/bx/n' in size <9> not available
(Font)              Font shape `OT1/ptm/b/n' tried instead on input line 59.
LaTeX Font Info:    Font shape `OT1/ptm/bx/n' in size <7> not available
(Font)              Font shape `OT1/ptm/b/n' tried instead on input line 59.
LaTeX Font Info:    Try loading font information for U+wasy on input line 59.

(/usr/local/gwTeX/texmf.texlive/tex/latex/wasysym/uwasy.fd
File: uwasy.fd 2003/10/30 v2.0 Wasy-2 symbol font definitions
) [1



{/usr/local/gwTeX/texmf.local/fonts/map/pdftex/updmap/pdftex.map}] [2

]
LaTeX Font Info:    Font shape `OT1/ptm/bx/n' in size <24.88> not available
(Font)              Font shape `OT1/ptm/b/n' tried instead on input line 66.

(./TRABAJO_FIN_MASTER2.toc)
\tf@toc=\write3
\openout3 = `TRABAJO_FIN_MASTER2.toc'.

 [3] [4


] (./TRABAJO_FIN_MASTER2.lof)
\tf@lof=\write4
\openout4 = `TRABAJO_FIN_MASTER2.lof'.

 [5] [6

]
LaTeX Font Info:    Font shape `OT1/ptm/bx/n' in size <14.4> not available
(Font)              Font shape `OT1/ptm/b/n' tried instead on input line 71.
LaTeX Font Info:    Try loading font information for OT1+pcr on input line 80.

(/usr/local/gwTeX/texmf.texlive/tex/latex/psnfss/ot1pcr.fd
File: ot1pcr.fd 2001/06/04 font definitions for OT1/pcr.
)
LaTeX Font Info:    Font shape `OT1/ptm/bx/n' in size <10.95> not available
(Font)              Font shape `OT1/ptm/b/n' tried instead on input line 86.


LaTeX Warning: Reference `climite' on page 7 undefined on input line 86.


Underfull \vbox (badness 10000) has occurred while \output is active []

 [7]

LaTeX Warning: Reference `glosario' on page 8 undefined on input line 90.

LaTeX Font Info:    Font shape `OT1/ptm/bx/n' in size <8> not available
(Font)              Font shape `OT1/ptm/b/n' tried instead on input line 109.
LaTeX Font Info:    Font shape `OT1/ptm/bx/n' in size <6> not available
(Font)              Font shape `OT1/ptm/b/n' tried instead on input line 109.

LaTeX Warning: Reference `f:tipos' on page 8 undefined on input line 127.

<./Figuras/Tipos.pdf, id=29, 731.0493pt x 753.76184pt>
File: ./Figuras/Tipos.pdf Graphic file (type pdf)

<use ./Figuras/Tipos.pdf> [8]

LaTeX Warning: Reference `f:tipos' on page 9 undefined on input line 145.

<./Figuras/Sombras.pdf, id=34, 381.14095pt x 248.41609pt>
File: ./Figuras/Sombras.pdf Graphic file (type pdf)

<use ./Figuras/Sombras.pdf> [9 <./Figuras/Tipos.pdf>]
LaTeX Font Info:    Try loading font information for OMS+ptm on input line 159.


(/usr/local/gwTeX/texmf.texlive/tex/latex/psnfss/omsptm.fd
File: omsptm.fd 
)
LaTeX Font Info:    Font shape `OMS/ptm/m/n' in size <10.95> not available
(Font)              Font shape `OMS/cmsy/m/n' tried instead on input line 159.


LaTeX Warning: Reference `f:sombras' on page 10 undefined on input line 168.

[10 <./Figuras/Sombras.pdf>] [11]

LaTeX Warning: Reference `ejemploanular' on page 12 undefined on input line 226
.


LaTeX Warning: Reference `ejemploparcial' on page 12 undefined on input line 22
6.

<./Figuras/EjemploMapaAnular.pdf, id=149, 775.89874pt x 575.14874pt>
File: ./Figuras/EjemploMapaAnular.pdf Graphic file (type pdf)

<use ./Figuras/EjemploMapaAnular.pdf>
<./Figuras/EjemploMapaParcial.pdf, id=150, 577.74243pt x 793.50854pt>
File: ./Figuras/EjemploMapaParcial.pdf Graphic file (type pdf)

<use ./Figuras/EjemploMapaParcial.pdf>

LaTeX Warning: Reference `curvaorto' on page 12 undefined on input line 241.

[12] [13 <./Figuras/EjemploMapaAnular.pdf>] [14 <./Figuras/EjemploMapaParcial.p
df>]
Overfull \hbox (7.0971pt too wide) in paragraph at lines 260--261
[]\OT1/ptm/m/n/10.95 Curvas l[]^^Pmi-te su-pe-rior e in-fe-rior (esen-cial-men-
te Nor-
 []


LaTeX Warning: Reference `SF' on page 15 undefined on input line 278.

<./Figuras/Sistemas.pdf, id=220, 373.89868pt x 293.59828pt>
File: ./Figuras/Sistemas.pdf Graphic file (type pdf)

<use ./Figuras/Sistemas.pdf> [15] [16 <./Figuras/Sistemas.pdf>] [17]

LaTeX Warning: Citation `de405' on page 18 undefined on input line 421.

[18] [19]

LaTeX Warning: Reference `s:tipoanular' on page 20 undefined on input line 503.


[20]

LaTeX Warning: Reference `f:sombras' on page 21 undefined on input line 509.

[21]

LaTeX Warning: Reference `coorfun' on page 22 undefined on input line 562.


LaTeX Warning: Command \l invalid in math mode on input line 574.


LaTeX Warning: Command \l invalid in math mode on input line 578.

[22] [23]

LaTeX Warning: Reference `b' on page 24 undefined on input line 616.


LaTeX Warning: Reference `nuevacurva' on page 24 undefined on input line 643.

<./Figuras/ccritico.pdf, id=280, 543.48143pt x 658.38673pt>
File: ./Figuras/ccritico.pdf Graphic file (type pdf)

<use ./Figuras/ccritico.pdf> [24] [25]
Underfull \vbox (badness 10000) has occurred while \output is active []

 [26]
[27]
Overfull \hbox (20.50331pt too wide) in paragraph at lines 747--748
[]\OT1/pcr/m/n/10.95 radeliphor\OT1/ptm/m/n/10.95 : Va-lor del se-mi-eje me-nor
 de la elip-se fun-da-men-tal pa-ra ca-da va-lor del \OT1/pcr/m/n/10.95 element
o
 []

[28] [29] [30] [31] [32] [33] [34] [35] [36 <./Figuras/ccritico.pdf>]
Underfull \hbox (badness 10000) in paragraph at lines 1156--1158
[]\OT1/ptm/m/n/10.95 Casado, J. C., Serra-Ricart, M. \OT1/ptm/m/it/10.95 Uni-da
d Did[]acti-ca de Eclip-ses\OT1/ptm/m/n/10.95 (2003).
 []

[37

] (./TRABAJO_FIN_MASTER2.aux)

LaTeX Warning: There were undefined references.


LaTeX Warning: Label(s) may have changed. Rerun to get cross-references right.

 ) 
Here is how much of TeX's memory you used:
 3247 strings out of 94073
 40923 string characters out of 1163498
 2094021 words of memory out of 4545217
 6438 multiletter control sequences out of 10000+50000
 47758 words of font info for 114 fonts, out of 2000000 for 2000
 645 hyphenation exceptions out of 5000
 27i,14n,29p,1238b,395s stack positions out of 5000i,500n,6000p,200000b,50000s
{/usr/local/gwTeX/texmf.texlive/fonts/enc/dvips/base/8r.enc}</usr/local/gwTeX
/texmf.texlive/fonts/type1/bluesky/cm/cmex10.pfb></usr/local/gwTeX/texmf.texliv
e/fonts/type1/bluesky/cm/cmmi10.pfb></usr/local/gwTeX/texmf.texlive/fonts/type1
/bluesky/cm/cmr10.pfb></usr/local/gwTeX/texmf.texlive/fonts/type1/bluesky/cm/cm
sy10.pfb></usr/local/gwTeX/texmf.texlive/fonts/type1/hoekwater/rsfs/rsfs10.pfb>
</usr/local/gwTeX/texmf.texlive/fonts/type1/urw/courier/ucrr8a.pfb></usr/local/
gwTeX/texmf.texlive/fonts/type1/urw/symbol/usyr.pfb></usr/local/gwTeX/texmf.tex
live/fonts/type1/urw/symbol/usyr.pfb></usr/local/gwTeX/texmf.texlive/fonts/type
1/urw/times/utmb8a.pfb></usr/local/gwTeX/texmf.texlive/fonts/type1/urw/times/ut
mr8a.pfb></usr/local/gwTeX/texmf.texlive/fonts/type1/urw/times/utmr8a.pfb></usr
/local/gwTeX/texmf.texlive/fonts/type1/urw/times/utmri8a.pfb></usr/local/gwTeX/
texmf.texlive/fonts/type1/public/wasy/wasy10.pfb>
Output written on TRABAJO_FIN_MASTER2.pdf (37 pages, 1289581 bytes).
PDF statistics:
 373 PDF objects out of 1000 (max. 8388607)
 0 named destinations out of 1000 (max. 131072)
 31 words of extra memory for PDF output out of 10000 (max. 10000000)

