This is pdfeTeX, Version 3.141592-1.30.6-2.2 (MiKTeX 2.5) (preloaded format=pdflatex 2009.10.20)  4 JUN 2010 12:36
entering extended mode
**C:/Documents*and*Settings/FEDE/Mis*documentos/ECLIPSES/Trabajo*Fin*Master/TRA
BAJO*FIN*MASTERbis.tex

("C:\Documents and Settings\FEDE\Mis documentos\ECLIPSES\Trabajo Fin Master\TRA
BAJO FIN MASTERbis.tex"
LaTeX2e <2005/12/01>
Babel <v3.8g> and hyphenation patterns for english, dumylang, nohyphenation, ge
rman, ngerman, spanish, french, loaded.
(C:\tex\MiKTeX_2.5\tex\latex\base\article.cls
Document Class: article 2005/09/16 v1.4f Standard LaTeX document class
(C:\tex\MiKTeX_2.5\tex\latex\base\size10.clo
File: size10.clo 2005/09/16 v1.4f Standard LaTeX file (size option)
)
\c@part=\count79
\c@section=\count80
\c@subsection=\count81
\c@subsubsection=\count82
\c@paragraph=\count83
\c@subparagraph=\count84
\c@figure=\count85
\c@table=\count86
\abovecaptionskip=\skip41
\belowcaptionskip=\skip42
\bibindent=\dimen102
)
(C:\tex\MiKTeX_2.5\tex\latex\geometry\geometry.sty
Package: geometry 2002/07/08 v3.2 Page Geometry

(C:\tex\MiKTeX_2.5\tex\latex\graphics\keyval.sty
Package: keyval 1999/03/16 v1.13 key=value parser (DPC)
\KV@toks@=\toks14
)
\Gm@cnth=\count87
\Gm@cntv=\count88
\c@Gm@tempcnt=\count89
\Gm@bindingoffset=\dimen103
\Gm@wd@mp=\dimen104
\Gm@odd@mp=\dimen105
\Gm@even@mp=\dimen106
\Gm@dimlist=\toks15

(C:\tex\MiKTeX_2.5\tex\latex\geometry\geometry.cfg))
(C:\tex\MiKTeX_2.5\tex\generic\babel\babel.sty
Package: babel 2005/05/21 v3.8g The Babel package

*************************************
* Local config file bblopts.cfg used
*
(C:\tex\MiKTeX_2.5\tex\latex\00miktex\bblopts.cfg
File: bblopts.cfg 2006/07/31 v1.0 MiKTeX 'babel' configuration
)
(C:\tex\MiKTeX_2.5\tex\generic\babel\spanish.ldf
Language: spanish.ldf 2005/03/31 v4.2b Spanish support from the babel system

(C:\tex\MiKTeX_2.5\tex\generic\babel\babel.def
File: babel.def 2005/05/21 v3.8g Babel common definitions
\babel@savecnt=\count90
\U@D=\dimen107
)
\es@quottoks=\toks16
\es@quotdepth=\count91
Package babel Info: Making . an active character on input line 509.
Package babel Info: Making " an active character on input line 540.
Package babel Info: Making < an active character on input line 641.
Package babel Info: Making > an active character on input line 642.
))
(C:\tex\MiKTeX_2.5\tex\latex\base\inputenc.sty
Package: inputenc 2006/05/05 v1.1b Input encoding file
\inpenc@prehook=\toks17
\inpenc@posthook=\toks18

(C:\tex\MiKTeX_2.5\tex\latex\base\ansinew.def
File: ansinew.def 2006/05/05 v1.1b Input encoding file
))
(C:\tex\MiKTeX_2.5\tex\latex\graphics\graphicx.sty
Package: graphicx 1999/02/16 v1.0f Enhanced LaTeX Graphics (DPC,SPQR)

(C:\tex\MiKTeX_2.5\tex\latex\graphics\graphics.sty
Package: graphics 2006/02/20 v1.0o Standard LaTeX Graphics (DPC,SPQR)

(C:\tex\MiKTeX_2.5\tex\latex\graphics\trig.sty
Package: trig 1999/03/16 v1.09 sin cos tan (DPC)
)
(C:\tex\MiKTeX_2.5\tex\latex\00miktex\graphics.cfg
File: graphics.cfg 2005/12/29 v1.2 MiKTeX 'graphics' configuration
)
Package graphics Info: Driver file: pdftex.def on input line 90.

(C:\tex\MiKTeX_2.5\tex\latex\graphics\pdftex.def
File: pdftex.def 2006/08/14 v0.03t Graphics/color for pdfTeX
\Gread@gobject=\count92
))
\Gin@req@height=\dimen108
\Gin@req@width=\dimen109
)
(C:\tex\MiKTeX_2.5\tex\latex\graphics\color.sty
Package: color 2005/11/14 v1.0j Standard LaTeX Color (DPC)

(C:\tex\MiKTeX_2.5\tex\latex\00miktex\color.cfg
File: color.cfg 2005/12/29 v1.1 MiKTeX 'color' configuration
)
Package color Info: Driver file: pdftex.def on input line 130.
)
(C:\tex\MiKTeX_2.5\tex\latex\graphics\lscape.sty
Package: lscape 2000/10/22 v3.01 Landscape Pages (DPC)
)
(C:\tex\MiKTeX_2.5\tex\latex\amsmath\amsmath.sty
Package: amsmath 2000/07/18 v2.13 AMS math features
\@mathmargin=\skip43

For additional information on amsmath, use the `?' option.
(C:\tex\MiKTeX_2.5\tex\latex\amsmath\amstext.sty
Package: amstext 2000/06/29 v2.01

(C:\tex\MiKTeX_2.5\tex\latex\amsmath\amsgen.sty
File: amsgen.sty 1999/11/30 v2.0
\@emptytoks=\toks19
\ex@=\dimen110
))
(C:\tex\MiKTeX_2.5\tex\latex\amsmath\amsbsy.sty
Package: amsbsy 1999/11/29 v1.2d
\pmbraise@=\dimen111
)
(C:\tex\MiKTeX_2.5\tex\latex\amsmath\amsopn.sty
Package: amsopn 1999/12/14 v2.01 operator names
)
\inf@bad=\count93
LaTeX Info: Redefining \frac on input line 211.
\uproot@=\count94
\leftroot@=\count95
LaTeX Info: Redefining \overline on input line 307.
\classnum@=\count96
\DOTSCASE@=\count97
LaTeX Info: Redefining \ldots on input line 379.
LaTeX Info: Redefining \dots on input line 382.
LaTeX Info: Redefining \cdots on input line 467.
\Mathstrutbox@=\box26
\strutbox@=\box27
\big@size=\dimen112
LaTeX Font Info:    Redeclaring font encoding OML on input line 567.
LaTeX Font Info:    Redeclaring font encoding OMS on input line 568.
\macc@depth=\count98
\c@MaxMatrixCols=\count99
\dotsspace@=\muskip10
\c@parentequation=\count100
\dspbrk@lvl=\count101
\tag@help=\toks20
\row@=\count102
\column@=\count103
\maxfields@=\count104
\andhelp@=\toks21
\eqnshift@=\dimen113
\alignsep@=\dimen114
\tagshift@=\dimen115
\tagwidth@=\dimen116
\totwidth@=\dimen117
\lineht@=\dimen118
\@envbody=\toks22
\multlinegap=\skip44
\multlinetaggap=\skip45
\mathdisplay@stack=\toks23
LaTeX Info: Redefining \[ on input line 2666.
LaTeX Info: Redefining \] on input line 2667.
)
(C:\tex\MiKTeX_2.5\tex\latex\amsfonts\amsfonts.sty
Package: amsfonts 2001/10/25 v2.2f
\symAMSa=\mathgroup4
\symAMSb=\mathgroup5
LaTeX Font Info:    Overwriting math alphabet `\mathfrak' in version `bold'
(Font)                  U/euf/m/n --> U/euf/b/n on input line 132.
)
(C:\tex\MiKTeX_2.5\tex\latex\amsfonts\amssymb.sty
Package: amssymb 2002/01/22 v2.2d
)
(C:\tex\MiKTeX_2.5\tex\latex\base\latexsym.sty
Package: latexsym 1998/08/17 v2.2e Standard LaTeX package (lasy symbols)
\symlasy=\mathgroup6
LaTeX Font Info:    Overwriting symbol font `lasy' in version `bold'
(Font)                  U/lasy/m/n --> U/lasy/b/n on input line 47.
) ("TRABAJO FIN MASTERbis.aux"

LaTeX Warning: Label `' multiply defined.


LaTeX Warning: Label `' multiply defined.


LaTeX Warning: Label `' multiply defined.


LaTeX Warning: Label `' multiply defined.


LaTeX Warning: Label `' multiply defined.

)
LaTeX Font Info:    Checking defaults for OML/cmm/m/it on input line 29.
LaTeX Font Info:    ... okay on input line 29.
LaTeX Font Info:    Checking defaults for T1/cmr/m/n on input line 29.
LaTeX Font Info:    ... okay on input line 29.
LaTeX Font Info:    Checking defaults for OT1/cmr/m/n on input line 29.
LaTeX Font Info:    ... okay on input line 29.
LaTeX Font Info:    Checking defaults for OMS/cmsy/m/n on input line 29.
LaTeX Font Info:    ... okay on input line 29.
LaTeX Font Info:    Checking defaults for OMX/cmex/m/n on input line 29.
LaTeX Font Info:    ... okay on input line 29.
LaTeX Font Info:    Checking defaults for U/cmr/m/n on input line 29.
LaTeX Font Info:    ... okay on input line 29.
-------------------- Geometry parameters
paper: a4paper
landscape: --
twocolumn: --
twoside: --
asymmetric: --
h-parts: 99.58464pt, 412.56497pt, 85.35826pt
v-parts: 85.35826pt, 688.5567pt, 71.13188pt
hmarginratio: --
vmarginratio: --
lines: --
heightrounded: --
bindingoffset: 0.0pt
truedimen: --
includehead: --
includefoot: --
includemp: --
driver: pdftex
-------------------- Page layout dimensions and switches
\paperwidth  597.50787pt
\paperheight 845.04684pt
\textwidth  412.56497pt
\textheight 688.5567pt
\oddsidemargin  27.31465pt
\evensidemargin 27.31465pt
\topmargin  -23.91173pt
\headheight 12.0pt
\headsep    25.0pt
\footskip   30.0pt
\marginparwidth 57.0pt
\marginparsep   11.0pt
\columnsep  10.0pt
\skip\footins  9.0pt plus 4.0pt minus 2.0pt
\hoffset 0.0pt
\voffset 0.0pt
\mag 1000

(1in=72.27pt, 1cm=28.45pt)
-----------------------
 (C:\tex\MiKTeX_2.5\tex\context\base\supp-pdf.tex
(C:\tex\MiKTeX_2.5\tex\context\base\supp-mis.tex
loading : Context Support Macros / Miscellaneous (2004.10.26)
\protectiondepth=\count105
\scratchcounter=\count106
\scratchtoks=\toks24
\scratchdimen=\dimen119
\scratchskip=\skip46
\scratchmuskip=\muskip11
\scratchbox=\box28
\scratchread=\read1
\scratchwrite=\write3
\zeropoint=\dimen120
\onepoint=\dimen121
\onebasepoint=\dimen122
\minusone=\count107
\thousandpoint=\dimen123
\onerealpoint=\dimen124
\emptytoks=\toks25
\nextbox=\box29
\nextdepth=\dimen125
\everyline=\toks26
\!!counta=\count108
\!!countb=\count109
\recursecounter=\count110
)
loading : Context Support Macros / PDF (2004.03.26)
\nofMPsegments=\count111
\nofMParguments=\count112
\MPscratchCnt=\count113
\MPscratchDim=\dimen126
\MPnumerator=\count114
\everyMPtoPDFconversion=\toks27
)
LaTeX Font Info:    Try loading font information for U+msa on input line 31.
 (C:\tex\MiKTeX_2.5\tex\latex\amsfonts\umsa.fd
File: umsa.fd 2002/01/19 v2.2g AMS font definitions
)
LaTeX Font Info:    Try loading font information for U+msb on input line 31.

(C:\tex\MiKTeX_2.5\tex\latex\amsfonts\umsb.fd
File: umsb.fd 2002/01/19 v2.2g AMS font definitions
)
LaTeX Font Info:    Try loading font information for U+lasy on input line 31.

(C:\tex\MiKTeX_2.5\tex\latex\base\ulasy.fd
File: ulasy.fd 1998/08/17 v2.2e LaTeX symbol font definitions
) [1

{psfonts.map}]
("TRABAJO FIN MASTERbis.toc")
\tf@toc=\write4
 [1] ("TRABAJO FIN MASTERbis.lof")
\tf@lof=\write5
 [2

] [3

]
<./Figuras/Tipos.pdf, id=32, 731.0493pt x 753.76184pt>
File: ./Figuras/Tipos.pdf Graphic file (type pdf)

<use ./Figuras/Tipos.pdf>
<./Figuras/Sombras.pdf, id=33, 381.14095pt x 248.41609pt>
File: ./Figuras/Sombras.pdf Graphic file (type pdf)

<use ./Figuras/Sombras.pdf> [4]
LaTeX Font Info:    Try loading font information for OMS+cmr on input line 126.

 (C:\tex\MiKTeX_2.5\tex\latex\base\omscmr.fd
File: omscmr.fd 1999/05/25 v2.5h Standard LaTeX font definitions
)
LaTeX Font Info:    Font shape `OMS/cmr/m/n' in size <10> not available
(Font)              Font shape `OMS/cmsy/m/n' tried instead on input line 126.

[5 <C:/Documents and Settings/FEDE/Mis documentos/ECLIPSES/Trabajo Fin Master/F
iguras/Tipos.pdf>] [6 <C:/Documents and Settings/FEDE/Mis documentos/ECLIPSES/T
rabajo Fin Master/Figuras/Sombras.pdf>]
<./Figuras/EjemploMapaAnular.pdf, id=158, 775.89874pt x 575.14874pt>
File: ./Figuras/EjemploMapaAnular.pdf Graphic file (type pdf)

<use ./Figuras/EjemploMapaAnular.pdf>
<./Figuras/EjemploMapaParcial.pdf, id=159, 577.74243pt x 793.50854pt>
File: ./Figuras/EjemploMapaParcial.pdf Graphic file (type pdf)

<use ./Figuras/EjemploMapaParcial.pdf> [7] [8 <C:/Documents and Settings/FEDE/M
is documentos/ECLIPSES/Trabajo Fin Master/Figuras/EjemploMapaAnular.pdf>]
[9 <C:/Documents and Settings/FEDE/Mis documentos/ECLIPSES/Trabajo Fin Master/F
iguras/EjemploMapaParcial.pdf>]
<./Figuras/Sistemas.pdf, id=228, 373.89868pt x 293.59828pt>
File: ./Figuras/Sistemas.pdf Graphic file (type pdf)

<use ./Figuras/Sistemas.pdf> [10] [11 <C:/Documents and Settings/FEDE/Mis docum
entos/ECLIPSES/Trabajo Fin Master/Figuras/Sistemas.pdf>] [12] [13] [14]
[15]
Overfull \hbox (4.44269pt too wide) in paragraph at lines 422--423
\OT1/cmr/m/n/10 de la fun-cion que de-ter-mi-na la dis-tan-cia del eje al cen-
tro de la Tie-rra $[]$,
 []

[16] [17] [18] [19] [20] [21]
Overfull \hbox (33.64734pt too wide) in paragraph at lines 647--648
[]\OT1/cmtt/m/n/10 dismaxconosign\OT1/cmr/m/n/10 : De-vuel-ve la dis-tan-cia (c
on signo) del pun-to de los cal-cu-la-dos por $\OML/cmm/m/it/10 maxhorbis\OT1/c
mr/m/n/10 2\OML/cmm/m/it/10 $
 []

[22] [23]
Underfull \hbox (badness 10000) in paragraph at lines 695--697
[]\OT1/cmr/m/n/10 JUAN CAR-LOS C., MI-QUEL S.-R.(2003): Uni-dad Didacti-ca Ecl
ip-ses.
 []

[24] ("TRABAJO FIN MASTERbis.aux")

LaTeX Warning: There were multiply-defined labels.

 ) 
Here is how much of TeX's memory you used:
 2980 strings out of 95403
 34866 string characters out of 1187355
 94827 words of memory out of 1093901
 5970 multiletter control sequences out of 60000
 12969 words of font info for 54 fonts, out of 1000000 for 2000
 14 hyphenation exceptions out of 8191
 27i,8n,25p,1777b,248s stack positions out of 5000i,500n,10000p,200000b,32768s
PDF statistics:
 315 PDF objects out of 300000
 0 named destinations out of 300000
 26 words of extra memory for PDF output out of 10000
<C:/tex/MiKTeX_2.5/fonts/type1/bluesky/cm/cmr5.pfb><C:/tex/MiKTeX_2.5/fonts/t
ype1/bluesky/cm/cmmi5.pfb><C:/tex/MiKTeX_2.5/fonts/type1/bluesky/cm/cmex10.pfb>
<C:/tex/MiKTeX_2.5/fonts/type1/bluesky/cm/cmr7.pfb><C:/tex/MiKTeX_2.5/fonts/typ
e1/bluesky/cm/cmmi7.pfb><C:/tex/MiKTeX_2.5/fonts/type1/bluesky/cm/cmsy10.pfb><C
:/tex/MiKTeX_2.5/fonts/type1/bluesky/cm/cmti10.pfb><C:/tex/MiKTeX_2.5/fonts/typ
e1/bluesky/cm/cmsy7.pfb><C:/tex/MiKTeX_2.5/fonts/type1/bluesky/cm/cmtt10.pfb><C
:/tex/MiKTeX_2.5/fonts/type1/bluesky/cm/cmmi10.pfb><C:/tex/MiKTeX_2.5/fonts/typ
e1/bluesky/cm/cmbx10.pfb><C:/tex/MiKTeX_2.5/fonts/type1/bluesky/cm/cmr10.pfb><C
:/tex/MiKTeX_2.5/fonts/type1/bluesky/cm/cmr12.pfb><C:/tex/MiKTeX_2.5/fonts/type
1/bluesky/cm/cmbx12.pfb>
Output written on "TRABAJO FIN MASTERbis.pdf" (25 pages, 677271 bytes).
